2025-08-16 17:48:30,650 - BEE-EPT-UA913 - INFO - [AUTOPILOT STARTED]
2025-08-16 17:48:32,658 - BEE-EPT-UA913 - INFO - MSP connection is established: '/dev/ttyACM0'
2025-08-16 17:48:32,658 - BEE-EPT-UA913 - DEBUG - Executing command: INIT, Priority: 0, Body: {}
2025-08-16 17:48:32,659 - BEE-EPT-UA913 - INFO - Initializing autopilot
2025-08-16 17:48:35,653 - BEE-EPT-UA913 - INFO - Telemetry: attempting to connect with '/dev/ttyACM0'
2025-08-16 17:48:35,653 - BEE-EPT-UA913 - INFO - Telemetry: connected with '/dev/ttyACM0'
2025-08-16 17:48:35,654 - BEE-EPT-UA913 - DEBUG - Executing command: TELEMETRY, Priority: 1, Body: {'target': 'MSP_RC'}
2025-08-16 17:48:36,759 - BEE-EPT-UA913 - DEBUG - Telemetry: b'\xdc\x05\xdc\x05\xdc\x05u\x03:\x07\xdc\x05\xdc\x05\xdc\x05\xdc\x05\xdc\x05\xdc\x05\xdc\x05\xdc\x05\xdc\x05\xdc\x05\xdc\x05'
2025-08-16 17:48:36,760 - BEE-EPT-UA913 - INFO - Autopilot state: {'connection': True, 'bee_state': 'OFF', 'roll': 1500, 'pitch': 1500, 'yaw': 1500, 'throttle': 885, 'aux1': 1850, 'aux2': 1500, 'aux3': 1500, 'aux4': 1500, 'battery': 0, 'rssi': 0, 'rssi_msg': 'No signal', 'speed': 0, 'altitude': 0, 'delivered': False}
2025-08-16 17:48:37,653 - BEE-EPT-UA913 - INFO - Empty pilot: attempting to connect with '/dev/ttyACM0'
2025-08-16 17:48:37,654 - BEE-EPT-UA913 - INFO - Empty pilot: connected with '/dev/ttyACM0'
2025-08-16 17:48:37,761 - BEE-EPT-UA913 - DEBUG - Executing command: TELEMETRY, Priority: 2, Body: {'target': 'MSP_ALTITUDE'}
2025-08-16 17:48:38,864 - BEE-EPT-UA913 - DEBUG - Telemetry: b'\x83\x00\x00\x00\x00\x00'
2025-08-16 17:48:38,865 - BEE-EPT-UA913 - INFO - Current altitude [1.31 m]
2025-08-16 17:48:38,865 - BEE-EPT-UA913 - INFO - Autopilot state: {'connection': True, 'bee_state': 'OFF', 'roll': 1500, 'pitch': 1500, 'yaw': 1500, 'throttle': 885, 'aux1': 1850, 'aux2': 1500, 'aux3': 1500, 'aux4': 1500, 'battery': 0, 'rssi': 0, 'rssi_msg': 'No signal', 'speed': 0.0, 'altitude': 1.31, 'delivered': False}
2025-08-16 17:48:39,866 - BEE-EPT-UA913 - DEBUG - Executing command: TELEMETRY, Priority: 1, Body: {'target': 'MSP_RC'}
2025-08-16 17:48:40,972 - BEE-EPT-UA913 - DEBUG - Telemetry: b'\xdc\x05\xdc\x05\xdc\x05u\x03:\x07\xdc\x05\xdc\x05\xdc\x05\xdc\x05\xdc\x05\xdc\x05\xdc\x05\xdc\x05\xdc\x05\xdc\x05\xdc\x05'
2025-08-16 17:48:40,972 - BEE-EPT-UA913 - INFO - Autopilot state: {'connection': True, 'bee_state': 'OFF', 'roll': 1500, 'pitch': 1500, 'yaw': 1500, 'throttle': 885, 'aux1': 1850, 'aux2': 1500, 'aux3': 1500, 'aux4': 1500, 'battery': 0, 'rssi': 0, 'rssi_msg': 'No signal', 'speed': 0.0, 'altitude': 1.31, 'delivered': False}
2025-08-16 17:48:41,973 - BEE-EPT-UA913 - DEBUG - Executing command: TELEMETRY, Priority: 2, Body: {'target': 'MSP_ALTITUDE'}
2025-08-16 17:48:43,077 - BEE-EPT-UA913 - DEBUG - Telemetry: b'{\x00\x00\x00\x00\x00'
2025-08-16 17:48:43,077 - BEE-EPT-UA913 - INFO - Current altitude [1.23 m]
2025-08-16 17:48:43,078 - BEE-EPT-UA913 - INFO - Autopilot state: {'connection': True, 'bee_state': 'OFF', 'roll': 1500, 'pitch': 1500, 'yaw': 1500, 'throttle': 885, 'aux1': 1850, 'aux2': 1500, 'aux3': 1500, 'aux4': 1500, 'battery': 0, 'rssi': 0, 'rssi_msg': 'No signal', 'speed': 0.0, 'altitude': 1.23, 'delivered': False}
2025-08-16 17:48:44,078 - BEE-EPT-UA913 - DEBUG - Executing command: TELEMETRY, Priority: 1, Body: {'target': 'MSP_RC'}
2025-08-16 17:48:45,184 - BEE-EPT-UA913 - DEBUG - Telemetry: b'\xdc\x05\xdc\x05\xdc\x05u\x03:\x07\xdc\x05\xdc\x05\xdc\x05\xdc\x05\xdc\x05\xdc\x05\xdc\x05\xdc\x05\xdc\x05\xdc\x05\xdc\x05'
2025-08-16 17:48:45,185 - BEE-EPT-UA913 - INFO - Autopilot state: {'connection': True, 'bee_state': 'OFF', 'roll': 1500, 'pitch': 1500, 'yaw': 1500, 'throttle': 885, 'aux1': 1850, 'aux2': 1500, 'aux3': 1500, 'aux4': 1500, 'battery': 0, 'rssi': 0, 'rssi_msg': 'No signal', 'speed': 0.0, 'altitude': 1.23, 'delivered': False}
2025-08-16 17:48:46,186 - BEE-EPT-UA913 - DEBUG - Executing command: MONITOR, Priority: 2, Body: {'target': 'MSP_ANALOG'}
2025-08-16 17:48:47,289 - BEE-EPT-UA913 - DEBUG - Monitoring: b'\x00\x00\x00l\x01\x00\x00\x04\x00'
2025-08-16 17:48:47,290 - BEE-EPT-UA913 - INFO - RSSI: 364, signal: Strong signal, battery voltage: 0.0V
2025-08-16 17:48:48,291 - BEE-EPT-UA913 - DEBUG - Executing command: TELEMETRY, Priority: 1, Body: {'target': 'MSP_RC'}
2025-08-16 17:48:49,397 - BEE-EPT-UA913 - DEBUG - Telemetry: b'\xdc\x05\xdc\x05\xdc\x05u\x03:\x07\xdc\x05\xdc\x05\xdc\x05\xdc\x05\xdc\x05\xdc\x05\xdc\x05\xdc\x05\xdc\x05\xdc\x05\xdc\x05'
2025-08-16 17:48:49,397 - BEE-EPT-UA913 - INFO - Autopilot state: {'connection': True, 'bee_state': 'OFF', 'roll': 1500, 'pitch': 1500, 'yaw': 1500, 'throttle': 885, 'aux1': 1850, 'aux2': 1500, 'aux3': 1500, 'aux4': 1500, 'battery': 0.0, 'rssi': 364, 'rssi_msg': 'Strong signal', 'speed': 0.0, 'altitude': 1.23, 'delivered': False}
2025-08-16 17:48:50,398 - BEE-EPT-UA913 - DEBUG - Executing command: MONITOR, Priority: 2, Body: {'target': 'MSP_ANALOG'}
2025-08-16 17:48:51,502 - BEE-EPT-UA913 - DEBUG - Monitoring: b'\x00\x00\x00i\x01\x00\x00\x04\x00'
2025-08-16 17:48:51,503 - BEE-EPT-UA913 - INFO - RSSI: 361, signal: Strong signal, battery voltage: 0.0V
2025-08-16 17:48:52,503 - BEE-EPT-UA913 - DEBUG - Executing command: TELEMETRY, Priority: 1, Body: {'target': 'MSP_RC'}
2025-08-16 17:48:53,610 - BEE-EPT-UA913 - DEBUG - Telemetry: b'\xdc\x05\xdc\x05\xdc\x05u\x03:\x07\xdc\x05\xdc\x05\xdc\x05\xdc\x05\xdc\x05\xdc\x05\xdc\x05\xdc\x05\xdc\x05\xdc\x05\xdc\x05'
2025-08-16 17:48:53,610 - BEE-EPT-UA913 - INFO - Autopilot state: {'connection': True, 'bee_state': 'OFF', 'roll': 1500, 'pitch': 1500, 'yaw': 1500, 'throttle': 885, 'aux1': 1850, 'aux2': 1500, 'aux3': 1500, 'aux4': 1500, 'battery': 0.0, 'rssi': 361, 'rssi_msg': 'Strong signal', 'speed': 0.0, 'altitude': 1.23, 'delivered': False}
2025-08-16 17:48:54,611 - BEE-EPT-UA913 - DEBUG - Executing command: TELEMETRY, Priority: 2, Body: {'target': 'MSP_ALTITUDE'}
2025-08-16 17:48:55,714 - BEE-EPT-UA913 - DEBUG - Telemetry: b'\xb6\x00\x00\x00\x00\x00'
2025-08-16 17:48:55,715 - BEE-EPT-UA913 - INFO - Current altitude [1.82 m]
2025-08-16 17:48:55,715 - BEE-EPT-UA913 - INFO - Autopilot state: {'connection': True, 'bee_state': 'OFF', 'roll': 1500, 'pitch': 1500, 'yaw': 1500, 'throttle': 885, 'aux1': 1850, 'aux2': 1500, 'aux3': 1500, 'aux4': 1500, 'battery': 0.0, 'rssi': 361, 'rssi_msg': 'Strong signal', 'speed': 0.0, 'altitude': 1.82, 'delivered': False}
2025-08-16 17:48:56,716 - BEE-EPT-UA913 - DEBUG - Executing command: TELEMETRY, Priority: 1, Body: {'target': 'MSP_RC'}
2025-08-16 17:48:57,822 - BEE-EPT-UA913 - DEBUG - Telemetry: b'\xdc\x05\xdc\x05\xdc\x05u\x03:\x07\xdc\x05\xdc\x05\xdc\x05\xdc\x05\xdc\x05\xdc\x05\xdc\x05\xdc\x05\xdc\x05\xdc\x05\xdc\x05'
2025-08-16 17:48:57,822 - BEE-EPT-UA913 - INFO - Autopilot state: {'connection': True, 'bee_state': 'OFF', 'roll': 1500, 'pitch': 1500, 'yaw': 1500, 'throttle': 885, 'aux1': 1850, 'aux2': 1500, 'aux3': 1500, 'aux4': 1500, 'battery': 0.0, 'rssi': 361, 'rssi_msg': 'Strong signal', 'speed': 0.0, 'altitude': 1.82, 'delivered': False}
2025-08-16 17:48:58,823 - BEE-EPT-UA913 - DEBUG - Executing command: TELEMETRY, Priority: 2, Body: {'target': 'MSP_ALTITUDE'}
2025-08-16 17:48:59,927 - BEE-EPT-UA913 - DEBUG - Telemetry: b'\x83\x00\x00\x00\x00\x00'
2025-08-16 17:48:59,927 - BEE-EPT-UA913 - INFO - Current altitude [1.31 m]
2025-08-16 17:48:59,928 - BEE-EPT-UA913 - INFO - Autopilot state: {'connection': True, 'bee_state': 'OFF', 'roll': 1500, 'pitch': 1500, 'yaw': 1500, 'throttle': 885, 'aux1': 1850, 'aux2': 1500, 'aux3': 1500, 'aux4': 1500, 'battery': 0.0, 'rssi': 361, 'rssi_msg': 'Strong signal', 'speed': 0.0, 'altitude': 1.31, 'delivered': False}
2025-08-16 17:49:00,928 - BEE-EPT-UA913 - DEBUG - Executing command: TELEMETRY, Priority: 1, Body: {'target': 'MSP_RC'}
2025-08-16 17:49:02,034 - BEE-EPT-UA913 - DEBUG - Telemetry: b'\xdc\x05\xdc\x05\xdc\x05u\x03:\x07\xdc\x05\xdc\x05\xdc\x05\xdc\x05\xdc\x05\xdc\x05\xdc\x05\xdc\x05\xdc\x05\xdc\x05\xdc\x05'
2025-08-16 17:49:02,035 - BEE-EPT-UA913 - INFO - Autopilot state: {'connection': True, 'bee_state': 'OFF', 'roll': 1500, 'pitch': 1500, 'yaw': 1500, 'throttle': 885, 'aux1': 1850, 'aux2': 1500, 'aux3': 1500, 'aux4': 1500, 'battery': 0.0, 'rssi': 361, 'rssi_msg': 'Strong signal', 'speed': 0.0, 'altitude': 1.31, 'delivered': False}
2025-08-16 17:49:03,036 - BEE-EPT-UA913 - DEBUG - Executing command: MONITOR, Priority: 2, Body: {'target': 'MSP_ANALOG'}
2025-08-16 17:49:04,139 - BEE-EPT-UA913 - DEBUG - Monitoring: b'\x00\x00\x00j\x01\x00\x00\x04\x00'
2025-08-16 17:49:04,140 - BEE-EPT-UA913 - INFO - RSSI: 362, signal: Strong signal, battery voltage: 0.0V
2025-08-16 17:49:05,141 - BEE-EPT-UA913 - DEBUG - Executing command: TELEMETRY, Priority: 1, Body: {'target': 'MSP_RC'}
2025-08-16 17:49:06,247 - BEE-EPT-UA913 - DEBUG - Telemetry: b'\xdc\x05\xdc\x05\xdc\x05u\x03:\x07\xdc\x05\xdc\x05\xdc\x05\xdc\x05\xdc\x05\xdc\x05\xdc\x05\xdc\x05\xdc\x05\xdc\x05\xdc\x05'
2025-08-16 17:49:06,247 - BEE-EPT-UA913 - INFO - Autopilot state: {'connection': True, 'bee_state': 'OFF', 'roll': 1500, 'pitch': 1500, 'yaw': 1500, 'throttle': 885, 'aux1': 1850, 'aux2': 1500, 'aux3': 1500, 'aux4': 1500, 'battery': 0.0, 'rssi': 362, 'rssi_msg': 'Strong signal', 'speed': 0.0, 'altitude': 1.31, 'delivered': False}
2025-08-16 17:49:07,248 - BEE-EPT-UA913 - DEBUG - Executing command: MONITOR, Priority: 2, Body: {'target': 'MSP_ANALOG'}
2025-08-16 17:49:08,352 - BEE-EPT-UA913 - DEBUG - Monitoring: b'\x00\x00\x00j\x01\x00\x00\x04\x00'
2025-08-16 17:49:08,352 - BEE-EPT-UA913 - INFO - RSSI: 362, signal: Strong signal, battery voltage: 0.0V
2025-08-16 17:49:09,353 - BEE-EPT-UA913 - DEBUG - Executing command: TELEMETRY, Priority: 1, Body: {'target': 'MSP_RC'}
2025-08-16 17:49:10,459 - BEE-EPT-UA913 - DEBUG - Telemetry: b'\xdc\x05\xdc\x05\xdc\x05u\x03:\x07\xdc\x05\xdc\x05\xdc\x05\xdc\x05\xdc\x05\xdc\x05\xdc\x05\xdc\x05\xdc\x05\xdc\x05\xdc\x05'
2025-08-16 17:49:10,459 - BEE-EPT-UA913 - INFO - Autopilot state: {'connection': True, 'bee_state': 'OFF', 'roll': 1500, 'pitch': 1500, 'yaw': 1500, 'throttle': 885, 'aux1': 1850, 'aux2': 1500, 'aux3': 1500, 'aux4': 1500, 'battery': 0.0, 'rssi': 362, 'rssi_msg': 'Strong signal', 'speed': 0.0, 'altitude': 1.31, 'delivered': False}
2025-08-16 17:49:11,460 - BEE-EPT-UA913 - DEBUG - Executing command: MONITOR, Priority: 2, Body: {'target': 'MSP_ANALOG'}
2025-08-16 17:49:11,563 - BEE-EPT-UA913 - DEBUG - Monitoring: b'\x00\x00\x00h\x01\x00\x00\x04\x00'
2025-08-16 17:49:11,563 - BEE-EPT-UA913 - INFO - RSSI: 360, signal: Strong signal, battery voltage: 0.0V
2025-08-16 17:49:12,564 - BEE-EPT-UA913 - DEBUG - Executing command: TELEMETRY, Priority: 1, Body: {'target': 'MSP_RC'}
2025-08-16 17:49:13,670 - BEE-EPT-UA913 - DEBUG - Telemetry: b'\xdc\x05\xdc\x05\xdc\x05u\x03:\x07\xdc\x05\xdc\x05\xdc\x05\xdc\x05\xdc\x05\xdc\x05\xdc\x05\xdc\x05\xdc\x05\xdc\x05\xdc\x05'
2025-08-16 17:49:13,670 - BEE-EPT-UA913 - INFO - Autopilot state: {'connection': True, 'bee_state': 'OFF', 'roll': 1500, 'pitch': 1500, 'yaw': 1500, 'throttle': 885, 'aux1': 1850, 'aux2': 1500, 'aux3': 1500, 'aux4': 1500, 'battery': 0.0, 'rssi': 360, 'rssi_msg': 'Strong signal', 'speed': 0.0, 'altitude': 1.31, 'delivered': False}
2025-08-16 17:49:14,671 - BEE-EPT-UA913 - DEBUG - Executing command: TELEMETRY, Priority: 2, Body: {'target': 'MSP_ALTITUDE'}
2025-08-16 17:49:15,775 - BEE-EPT-UA913 - DEBUG - Telemetry: b'\x9c\x00\x00\x00\x00\x00'
2025-08-16 17:49:15,775 - BEE-EPT-UA913 - INFO - Current altitude [1.56 m]
2025-08-16 17:49:15,775 - BEE-EPT-UA913 - INFO - Autopilot state: {'connection': True, 'bee_state': 'OFF', 'roll': 1500, 'pitch': 1500, 'yaw': 1500, 'throttle': 885, 'aux1': 1850, 'aux2': 1500, 'aux3': 1500, 'aux4': 1500, 'battery': 0.0, 'rssi': 360, 'rssi_msg': 'Strong signal', 'speed': 0.0, 'altitude': 1.56, 'delivered': False}
2025-08-16 17:49:16,777 - BEE-EPT-UA913 - DEBUG - Executing command: TELEMETRY, Priority: 1, Body: {'target': 'MSP_RC'}
2025-08-16 17:49:17,883 - BEE-EPT-UA913 - DEBUG - Telemetry: b'\xdc\x05\xdc\x05\xdc\x05u\x03:\x07\xdc\x05\xdc\x05\xdc\x05\xdc\x05\xdc\x05\xdc\x05\xdc\x05\xdc\x05\xdc\x05\xdc\x05\xdc\x05'
2025-08-16 17:49:17,884 - BEE-EPT-UA913 - INFO - Autopilot state: {'connection': True, 'bee_state': 'OFF', 'roll': 1500, 'pitch': 1500, 'yaw': 1500, 'throttle': 885, 'aux1': 1850, 'aux2': 1500, 'aux3': 1500, 'aux4': 1500, 'battery': 0.0, 'rssi': 360, 'rssi_msg': 'Strong signal', 'speed': 0.0, 'altitude': 1.56, 'delivered': False}
2025-08-16 17:49:18,884 - BEE-EPT-UA913 - DEBUG - Executing command: TELEMETRY, Priority: 2, Body: {'target': 'MSP_ALTITUDE'}
2025-08-16 17:49:19,988 - BEE-EPT-UA913 - DEBUG - Telemetry: b'\x9c\x00\x00\x00\x00\x00'
2025-08-16 17:49:19,988 - BEE-EPT-UA913 - INFO - Current altitude [1.56 m]
2025-08-16 17:49:19,989 - BEE-EPT-UA913 - INFO - Autopilot state: {'connection': True, 'bee_state': 'OFF', 'roll': 1500, 'pitch': 1500, 'yaw': 1500, 'throttle': 885, 'aux1': 1850, 'aux2': 1500, 'aux3': 1500, 'aux4': 1500, 'battery': 0.0, 'rssi': 360, 'rssi_msg': 'Strong signal', 'speed': 0.0, 'altitude': 1.56, 'delivered': False}
2025-08-16 17:49:20,989 - BEE-EPT-UA913 - DEBUG - Executing command: TELEMETRY, Priority: 1, Body: {'target': 'MSP_RC'}
2025-08-16 17:49:22,096 - BEE-EPT-UA913 - DEBUG - Telemetry: b'\xdc\x05\xdc\x05\xdc\x05u\x03:\x07\xdc\x05\xdc\x05\xdc\x05\xdc\x05\xdc\x05\xdc\x05\xdc\x05\xdc\x05\xdc\x05\xdc\x05\xdc\x05'
2025-08-16 17:49:22,096 - BEE-EPT-UA913 - INFO - Autopilot state: {'connection': True, 'bee_state': 'OFF', 'roll': 1500, 'pitch': 1500, 'yaw': 1500, 'throttle': 885, 'aux1': 1850, 'aux2': 1500, 'aux3': 1500, 'aux4': 1500, 'battery': 0.0, 'rssi': 360, 'rssi_msg': 'Strong signal', 'speed': 0.0, 'altitude': 1.56, 'delivered': False}
2025-08-16 17:49:23,097 - BEE-EPT-UA913 - DEBUG - Executing command: TELEMETRY, Priority: 2, Body: {'target': 'MSP_ALTITUDE'}
2025-08-16 17:49:24,200 - BEE-EPT-UA913 - DEBUG - Telemetry: b'\xa5\x00\x00\x00\x00\x00'
2025-08-16 17:49:24,201 - BEE-EPT-UA913 - INFO - Current altitude [1.65 m]
2025-08-16 17:49:24,201 - BEE-EPT-UA913 - INFO - Autopilot state: {'connection': True, 'bee_state': 'OFF', 'roll': 1500, 'pitch': 1500, 'yaw': 1500, 'throttle': 885, 'aux1': 1850, 'aux2': 1500, 'aux3': 1500, 'aux4': 1500, 'battery': 0.0, 'rssi': 360, 'rssi_msg': 'Strong signal', 'speed': 0.0, 'altitude': 1.65, 'delivered': False}
2025-08-16 17:49:25,202 - BEE-EPT-UA913 - DEBUG - Executing command: TELEMETRY, Priority: 1, Body: {'target': 'MSP_RC'}
2025-08-16 17:49:26,308 - BEE-EPT-UA913 - DEBUG - Telemetry: b'\xdc\x05\xdc\x05\xdc\x05u\x03:\x07\xdc\x05\xdc\x05\xdc\x05\xdc\x05\xdc\x05\xdc\x05\xdc\x05\xdc\x05\xdc\x05\xdc\x05\xdc\x05'
2025-08-16 17:49:26,308 - BEE-EPT-UA913 - INFO - Autopilot state: {'connection': True, 'bee_state': 'OFF', 'roll': 1500, 'pitch': 1500, 'yaw': 1500, 'throttle': 885, 'aux1': 1850, 'aux2': 1500, 'aux3': 1500, 'aux4': 1500, 'battery': 0.0, 'rssi': 360, 'rssi_msg': 'Strong signal', 'speed': 0.0, 'altitude': 1.65, 'delivered': False}
2025-08-16 17:49:27,309 - BEE-EPT-UA913 - DEBUG - Executing command: TELEMETRY, Priority: 2, Body: {'target': 'MSP_ALTITUDE'}
2025-08-16 17:49:28,413 - BEE-EPT-UA913 - DEBUG - Telemetry: b'\xb6\x00\x00\x00\x00\x00'
2025-08-16 17:49:28,413 - BEE-EPT-UA913 - INFO - Current altitude [1.82 m]
2025-08-16 17:49:28,413 - BEE-EPT-UA913 - INFO - Autopilot state: {'connection': True, 'bee_state': 'OFF', 'roll': 1500, 'pitch': 1500, 'yaw': 1500, 'throttle': 885, 'aux1': 1850, 'aux2': 1500, 'aux3': 1500, 'aux4': 1500, 'battery': 0.0, 'rssi': 360, 'rssi_msg': 'Strong signal', 'speed': 0.0, 'altitude': 1.82, 'delivered': False}
2025-08-16 17:49:29,414 - BEE-EPT-UA913 - DEBUG - Executing command: TELEMETRY, Priority: 1, Body: {'target': 'MSP_RC'}
2025-08-16 17:49:30,520 - BEE-EPT-UA913 - DEBUG - Telemetry: b'\xdc\x05\xdc\x05\xdc\x05u\x03:\x07\xdc\x05\xdc\x05\xdc\x05\xdc\x05\xdc\x05\xdc\x05\xdc\x05\xdc\x05\xdc\x05\xdc\x05\xdc\x05'
2025-08-16 17:49:30,521 - BEE-EPT-UA913 - INFO - Autopilot state: {'connection': True, 'bee_state': 'OFF', 'roll': 1500, 'pitch': 1500, 'yaw': 1500, 'throttle': 885, 'aux1': 1850, 'aux2': 1500, 'aux3': 1500, 'aux4': 1500, 'battery': 0.0, 'rssi': 360, 'rssi_msg': 'Strong signal', 'speed': 0.0, 'altitude': 1.82, 'delivered': False}
2025-08-16 17:49:31,521 - BEE-EPT-UA913 - DEBUG - Executing command: TELEMETRY, Priority: 2, Body: {'target': 'MSP_ALTITUDE'}
2025-08-16 17:49:32,625 - BEE-EPT-UA913 - DEBUG - Telemetry: b'\xb6\x00\x00\x00\x00\x00'
2025-08-16 17:49:32,625 - BEE-EPT-UA913 - INFO - Current altitude [1.82 m]
2025-08-16 17:49:32,626 - BEE-EPT-UA913 - INFO - Autopilot state: {'connection': True, 'bee_state': 'OFF', 'roll': 1500, 'pitch': 1500, 'yaw': 1500, 'throttle': 885, 'aux1': 1850, 'aux2': 1500, 'aux3': 1500, 'aux4': 1500, 'battery': 0.0, 'rssi': 360, 'rssi_msg': 'Strong signal', 'speed': 0.0, 'altitude': 1.82, 'delivered': False}
2025-08-16 17:49:33,627 - BEE-EPT-UA913 - DEBUG - Executing command: TELEMETRY, Priority: 1, Body: {'target': 'MSP_RC'}
2025-08-16 17:49:34,733 - BEE-EPT-UA913 - DEBUG - Telemetry: b'\xdc\x05\xdc\x05\xdc\x05u\x03:\x07\xdc\x05\xdc\x05\xdc\x05\xdc\x05\xdc\x05\xdc\x05\xdc\x05\xdc\x05\xdc\x05\xdc\x05\xdc\x05'
2025-08-16 17:49:34,733 - BEE-EPT-UA913 - INFO - Autopilot state: {'connection': True, 'bee_state': 'OFF', 'roll': 1500, 'pitch': 1500, 'yaw': 1500, 'throttle': 885, 'aux1': 1850, 'aux2': 1500, 'aux3': 1500, 'aux4': 1500, 'battery': 0.0, 'rssi': 360, 'rssi_msg': 'Strong signal', 'speed': 0.0, 'altitude': 1.82, 'delivered': False}
2025-08-16 17:49:35,734 - BEE-EPT-UA913 - DEBUG - Executing command: TELEMETRY, Priority: 1, Body: {'target': 'MSP_RC'}
2025-08-16 17:49:36,840 - BEE-EPT-UA913 - DEBUG - Telemetry: b'\xdc\x05\xdc\x05\xdc\x05u\x03:\x07\xdc\x05\xdc\x05\xdc\x05\xdc\x05\xdc\x05\xdc\x05\xdc\x05\xdc\x05\xdc\x05\xdc\x05\xdc\x05'
2025-08-16 17:49:36,841 - BEE-EPT-UA913 - INFO - Autopilot state: {'connection': True, 'bee_state': 'OFF', 'roll': 1500, 'pitch': 1500, 'yaw': 1500, 'throttle': 885, 'aux1': 1850, 'aux2': 1500, 'aux3': 1500, 'aux4': 1500, 'battery': 0.0, 'rssi': 360, 'rssi_msg': 'Strong signal', 'speed': 0.0, 'altitude': 1.82, 'delivered': False}
2025-08-16 17:49:37,841 - BEE-EPT-UA913 - DEBUG - Executing command: MONITOR, Priority: 2, Body: {'target': 'MSP_ANALOG'}
2025-08-16 17:49:38,945 - BEE-EPT-UA913 - DEBUG - Monitoring: b'\x00\x00\x00e\x01\x00\x00\x04\x00'
2025-08-16 17:49:38,946 - BEE-EPT-UA913 - INFO - RSSI: 357, signal: Strong signal, battery voltage: 0.0V
2025-08-16 17:49:39,946 - BEE-EPT-UA913 - DEBUG - Executing command: TELEMETRY, Priority: 1, Body: {'target': 'MSP_RC'}
2025-08-16 17:49:41,053 - BEE-EPT-UA913 - DEBUG - Telemetry: b'\xdc\x05\xdc\x05\xdc\x05u\x03:\x07\xdc\x05\xdc\x05\xdc\x05\xdc\x05\xdc\x05\xdc\x05\xdc\x05\xdc\x05\xdc\x05\xdc\x05\xdc\x05'
2025-08-16 17:49:41,053 - BEE-EPT-UA913 - INFO - Autopilot state: {'connection': True, 'bee_state': 'OFF', 'roll': 1500, 'pitch': 1500, 'yaw': 1500, 'throttle': 885, 'aux1': 1850, 'aux2': 1500, 'aux3': 1500, 'aux4': 1500, 'battery': 0.0, 'rssi': 357, 'rssi_msg': 'Strong signal', 'speed': 0.0, 'altitude': 1.82, 'delivered': False}
2025-08-16 17:49:42,054 - BEE-EPT-UA913 - DEBUG - Executing command: TELEMETRY, Priority: 2, Body: {'target': 'MSP_ALTITUDE'}
2025-08-16 17:49:43,157 - BEE-EPT-UA913 - DEBUG - Telemetry: b'\xb6\x00\x00\x00\x00\x00'
2025-08-16 17:49:43,158 - BEE-EPT-UA913 - INFO - Current altitude [1.82 m]
2025-08-16 17:49:43,158 - BEE-EPT-UA913 - INFO - Autopilot state: {'connection': True, 'bee_state': 'OFF', 'roll': 1500, 'pitch': 1500, 'yaw': 1500, 'throttle': 885, 'aux1': 1850, 'aux2': 1500, 'aux3': 1500, 'aux4': 1500, 'battery': 0.0, 'rssi': 357, 'rssi_msg': 'Strong signal', 'speed': 0.0, 'altitude': 1.82, 'delivered': False}
2025-08-16 17:49:44,159 - BEE-EPT-UA913 - DEBUG - Executing command: TELEMETRY, Priority: 1, Body: {'target': 'MSP_RC'}
2025-08-16 17:49:45,265 - BEE-EPT-UA913 - DEBUG - Telemetry: b'\xdc\x05\xdc\x05\xdc\x05u\x03:\x07\xdc\x05\xdc\x05\xdc\x05\xdc\x05\xdc\x05\xdc\x05\xdc\x05\xdc\x05\xdc\x05\xdc\x05\xdc\x05'
2025-08-16 17:49:45,265 - BEE-EPT-UA913 - INFO - Autopilot state: {'connection': True, 'bee_state': 'OFF', 'roll': 1500, 'pitch': 1500, 'yaw': 1500, 'throttle': 885, 'aux1': 1850, 'aux2': 1500, 'aux3': 1500, 'aux4': 1500, 'battery': 0.0, 'rssi': 357, 'rssi_msg': 'Strong signal', 'speed': 0.0, 'altitude': 1.82, 'delivered': False}
2025-08-16 17:49:46,267 - BEE-EPT-UA913 - DEBUG - Executing command: TELEMETRY, Priority: 2, Body: {'target': 'MSP_ALTITUDE'}
2025-08-16 17:49:47,371 - BEE-EPT-UA913 - DEBUG - Telemetry: b'\xad\x00\x00\x00\x00\x00'
2025-08-16 17:49:47,371 - BEE-EPT-UA913 - INFO - Current altitude [1.73 m]
2025-08-16 17:49:47,372 - BEE-EPT-UA913 - INFO - Autopilot state: {'connection': True, 'bee_state': 'OFF', 'roll': 1500, 'pitch': 1500, 'yaw': 1500, 'throttle': 885, 'aux1': 1850, 'aux2': 1500, 'aux3': 1500, 'aux4': 1500, 'battery': 0.0, 'rssi': 357, 'rssi_msg': 'Strong signal', 'speed': 0.0, 'altitude': 1.73, 'delivered': False}
2025-08-16 17:49:48,372 - BEE-EPT-UA913 - DEBUG - Executing command: TELEMETRY, Priority: 1, Body: {'target': 'MSP_RC'}
2025-08-16 17:49:49,479 - BEE-EPT-UA913 - DEBUG - Telemetry: b'\xdc\x05\xdc\x05\xdc\x05u\x03:\x07\xdc\x05\xdc\x05\xdc\x05\xdc\x05\xdc\x05\xdc\x05\xdc\x05\xdc\x05\xdc\x05\xdc\x05\xdc\x05'
2025-08-16 17:49:49,479 - BEE-EPT-UA913 - INFO - Autopilot state: {'connection': True, 'bee_state': 'OFF', 'roll': 1500, 'pitch': 1500, 'yaw': 1500, 'throttle': 885, 'aux1': 1850, 'aux2': 1500, 'aux3': 1500, 'aux4': 1500, 'battery': 0.0, 'rssi': 357, 'rssi_msg': 'Strong signal', 'speed': 0.0, 'altitude': 1.73, 'delivered': False}
2025-08-16 17:49:50,480 - BEE-EPT-UA913 - DEBUG - Executing command: TELEMETRY, Priority: 2, Body: {'target': 'MSP_ALTITUDE'}
2025-08-16 17:49:51,584 - BEE-EPT-UA913 - DEBUG - Telemetry: b'\xa5\x00\x00\x00\x00\x00'
2025-08-16 17:49:51,584 - BEE-EPT-UA913 - INFO - Current altitude [1.65 m]
2025-08-16 17:49:51,584 - BEE-EPT-UA913 - INFO - Autopilot state: {'connection': True, 'bee_state': 'OFF', 'roll': 1500, 'pitch': 1500, 'yaw': 1500, 'throttle': 885, 'aux1': 1850, 'aux2': 1500, 'aux3': 1500, 'aux4': 1500, 'battery': 0.0, 'rssi': 357, 'rssi_msg': 'Strong signal', 'speed': 0.0, 'altitude': 1.65, 'delivered': False}
2025-08-16 17:49:52,585 - BEE-EPT-UA913 - DEBUG - Executing command: TELEMETRY, Priority: 1, Body: {'target': 'MSP_RC'}
2025-08-16 17:49:53,691 - BEE-EPT-UA913 - DEBUG - Telemetry: b'\xdc\x05\xdc\x05\xdc\x05u\x03:\x07\xdc\x05\xdc\x05\xdc\x05\xdc\x05\xdc\x05\xdc\x05\xdc\x05\xdc\x05\xdc\x05\xdc\x05\xdc\x05'
2025-08-16 17:49:53,692 - BEE-EPT-UA913 - INFO - Autopilot state: {'connection': True, 'bee_state': 'OFF', 'roll': 1500, 'pitch': 1500, 'yaw': 1500, 'throttle': 885, 'aux1': 1850, 'aux2': 1500, 'aux3': 1500, 'aux4': 1500, 'battery': 0.0, 'rssi': 357, 'rssi_msg': 'Strong signal', 'speed': 0.0, 'altitude': 1.65, 'delivered': False}
2025-08-16 17:49:54,694 - BEE-EPT-UA913 - DEBUG - Executing command: TELEMETRY, Priority: 2, Body: {'target': 'MSP_ALTITUDE'}
2025-08-16 17:49:55,798 - BEE-EPT-UA913 - DEBUG - Telemetry: b'\xa5\x00\x00\x00\x00\x00'
2025-08-16 17:49:55,798 - BEE-EPT-UA913 - INFO - Current altitude [1.65 m]
2025-08-16 17:49:55,799 - BEE-EPT-UA913 - INFO - Autopilot state: {'connection': True, 'bee_state': 'OFF', 'roll': 1500, 'pitch': 1500, 'yaw': 1500, 'throttle': 885, 'aux1': 1850, 'aux2': 1500, 'aux3': 1500, 'aux4': 1500, 'battery': 0.0, 'rssi': 357, 'rssi_msg': 'Strong signal', 'speed': 0.0, 'altitude': 1.65, 'delivered': False}
2025-08-16 17:49:56,799 - BEE-EPT-UA913 - DEBUG - Executing command: TELEMETRY, Priority: 1, Body: {'target': 'MSP_RC'}
2025-08-16 17:49:57,906 - BEE-EPT-UA913 - DEBUG - Telemetry: b'\xdc\x05\xdc\x05\xdc\x05u\x03:\x07\xdc\x05\xdc\x05\xdc\x05\xdc\x05\xdc\x05\xdc\x05\xdc\x05\xdc\x05\xdc\x05\xdc\x05\xdc\x05'
2025-08-16 17:49:57,906 - BEE-EPT-UA913 - INFO - Autopilot state: {'connection': True, 'bee_state': 'OFF', 'roll': 1500, 'pitch': 1500, 'yaw': 1500, 'throttle': 885, 'aux1': 1850, 'aux2': 1500, 'aux3': 1500, 'aux4': 1500, 'battery': 0.0, 'rssi': 357, 'rssi_msg': 'Strong signal', 'speed': 0.0, 'altitude': 1.65, 'delivered': False}
2025-08-16 17:49:58,907 - BEE-EPT-UA913 - DEBUG - Executing command: MONITOR, Priority: 2, Body: {'target': 'MSP_ANALOG'}
2025-08-16 17:50:00,011 - BEE-EPT-UA913 - DEBUG - Monitoring: b'\x00\x00\x00d\x01\x00\x00\x04\x00'
2025-08-16 17:50:00,011 - BEE-EPT-UA913 - INFO - RSSI: 356, signal: Strong signal, battery voltage: 0.0V
2025-08-16 17:50:01,012 - BEE-EPT-UA913 - DEBUG - Executing command: TELEMETRY, Priority: 1, Body: {'target': 'MSP_RC'}
2025-08-16 17:50:02,118 - BEE-EPT-UA913 - DEBUG - Telemetry: b'\xdc\x05\xdc\x05\xdc\x05u\x03:\x07\xdc\x05\xdc\x05\xdc\x05\xdc\x05\xdc\x05\xdc\x05\xdc\x05\xdc\x05\xdc\x05\xdc\x05\xdc\x05'
2025-08-16 17:50:02,118 - BEE-EPT-UA913 - INFO - Autopilot state: {'connection': True, 'bee_state': 'OFF', 'roll': 1500, 'pitch': 1500, 'yaw': 1500, 'throttle': 885, 'aux1': 1850, 'aux2': 1500, 'aux3': 1500, 'aux4': 1500, 'battery': 0.0, 'rssi': 356, 'rssi_msg': 'Strong signal', 'speed': 0.0, 'altitude': 1.65, 'delivered': False}
2025-08-16 17:50:03,119 - BEE-EPT-UA913 - DEBUG - Executing command: MONITOR, Priority: 2, Body: {'target': 'MSP_ANALOG'}
2025-08-16 17:50:03,222 - BEE-EPT-UA913 - DEBUG - Monitoring: b'\x00\x00\x00h\x01\x00\x00\x04\x00'
2025-08-16 17:50:03,222 - BEE-EPT-UA913 - INFO - RSSI: 360, signal: Strong signal, battery voltage: 0.0V
2025-08-16 17:50:04,223 - BEE-EPT-UA913 - DEBUG - Executing command: TELEMETRY, Priority: 1, Body: {'target': 'MSP_RC'}
2025-08-16 17:50:05,329 - BEE-EPT-UA913 - DEBUG - Telemetry: b'\xdc\x05\xdc\x05\xdc\x05u\x03:\x07\xdc\x05\xdc\x05\xdc\x05\xdc\x05\xdc\x05\xdc\x05\xdc\x05\xdc\x05\xdc\x05\xdc\x05\xdc\x05'
2025-08-16 17:50:05,330 - BEE-EPT-UA913 - INFO - Autopilot state: {'connection': True, 'bee_state': 'OFF', 'roll': 1500, 'pitch': 1500, 'yaw': 1500, 'throttle': 885, 'aux1': 1850, 'aux2': 1500, 'aux3': 1500, 'aux4': 1500, 'battery': 0.0, 'rssi': 360, 'rssi_msg': 'Strong signal', 'speed': 0.0, 'altitude': 1.65, 'delivered': False}
2025-08-16 17:50:06,331 - BEE-EPT-UA913 - DEBUG - Executing command: MONITOR, Priority: 2, Body: {'target': 'MSP_ANALOG'}
2025-08-16 17:50:07,435 - BEE-EPT-UA913 - DEBUG - Monitoring: b'\x00\x00\x00f\x01\x00\x00\x04\x00'
2025-08-16 17:50:07,435 - BEE-EPT-UA913 - INFO - RSSI: 358, signal: Strong signal, battery voltage: 0.0V
2025-08-16 17:50:08,436 - BEE-EPT-UA913 - DEBUG - Executing command: TELEMETRY, Priority: 1, Body: {'target': 'MSP_RC'}
2025-08-16 17:50:09,542 - BEE-EPT-UA913 - DEBUG - Telemetry: b'\xdc\x05\xdc\x05\xdc\x05u\x03:\x07\xdc\x05\xdc\x05\xdc\x05\xdc\x05\xdc\x05\xdc\x05\xdc\x05\xdc\x05\xdc\x05\xdc\x05\xdc\x05'
2025-08-16 17:50:09,543 - BEE-EPT-UA913 - INFO - Autopilot state: {'connection': True, 'bee_state': 'OFF', 'roll': 1500, 'pitch': 1500, 'yaw': 1500, 'throttle': 885, 'aux1': 1850, 'aux2': 1500, 'aux3': 1500, 'aux4': 1500, 'battery': 0.0, 'rssi': 358, 'rssi_msg': 'Strong signal', 'speed': 0.0, 'altitude': 1.65, 'delivered': False}
2025-08-16 17:50:10,544 - BEE-EPT-UA913 - DEBUG - Executing command: MONITOR, Priority: 2, Body: {'target': 'MSP_ANALOG'}
2025-08-16 17:50:11,647 - BEE-EPT-UA913 - DEBUG - Monitoring: b'\x00\x00\x00f\x01\x00\x00\x04\x00'
2025-08-16 17:50:11,648 - BEE-EPT-UA913 - INFO - RSSI: 358, signal: Strong signal, battery voltage: 0.0V
2025-08-16 17:50:12,649 - BEE-EPT-UA913 - DEBUG - Executing command: TELEMETRY, Priority: 1, Body: {'target': 'MSP_RC'}
2025-08-16 17:50:13,755 - BEE-EPT-UA913 - DEBUG - Telemetry: b'\xdc\x05\xdc\x05\xdc\x05u\x03:\x07\xdc\x05\xdc\x05\xdc\x05\xdc\x05\xdc\x05\xdc\x05\xdc\x05\xdc\x05\xdc\x05\xdc\x05\xdc\x05'
2025-08-16 17:50:13,755 - BEE-EPT-UA913 - INFO - Autopilot state: {'connection': True, 'bee_state': 'OFF', 'roll': 1500, 'pitch': 1500, 'yaw': 1500, 'throttle': 885, 'aux1': 1850, 'aux2': 1500, 'aux3': 1500, 'aux4': 1500, 'battery': 0.0, 'rssi': 358, 'rssi_msg': 'Strong signal', 'speed': 0.0, 'altitude': 1.65, 'delivered': False}
2025-08-16 17:50:14,756 - BEE-EPT-UA913 - DEBUG - Executing command: MONITOR, Priority: 2, Body: {'target': 'MSP_ANALOG'}
2025-08-16 17:50:14,858 - BEE-EPT-UA913 - DEBUG - Monitoring: b'\x00\x00\x00h\x01\x00\x00\x04\x00'
2025-08-16 17:50:14,859 - BEE-EPT-UA913 - INFO - RSSI: 360, signal: Strong signal, battery voltage: 0.0V
2025-08-16 17:50:15,859 - BEE-EPT-UA913 - DEBUG - Executing command: TELEMETRY, Priority: 1, Body: {'target': 'MSP_RC'}
2025-08-16 17:50:16,966 - BEE-EPT-UA913 - DEBUG - Telemetry: b'\xdc\x05\xdc\x05\xdc\x05u\x03:\x07\xdc\x05\xdc\x05\xdc\x05\xdc\x05\xdc\x05\xdc\x05\xdc\x05\xdc\x05\xdc\x05\xdc\x05\xdc\x05'
2025-08-16 17:50:16,966 - BEE-EPT-UA913 - INFO - Autopilot state: {'connection': True, 'bee_state': 'OFF', 'roll': 1500, 'pitch': 1500, 'yaw': 1500, 'throttle': 885, 'aux1': 1850, 'aux2': 1500, 'aux3': 1500, 'aux4': 1500, 'battery': 0.0, 'rssi': 360, 'rssi_msg': 'Strong signal', 'speed': 0.0, 'altitude': 1.65, 'delivered': False}
2025-08-16 17:50:17,969 - BEE-EPT-UA913 - DEBUG - Executing command: TELEMETRY, Priority: 2, Body: {'target': 'MSP_ALTITUDE'}
2025-08-16 17:50:19,072 - BEE-EPT-UA913 - DEBUG - Telemetry: b'\x9c\x00\x00\x00\x00\x00'
2025-08-16 17:50:19,073 - BEE-EPT-UA913 - INFO - Current altitude [1.56 m]
2025-08-16 17:50:19,073 - BEE-EPT-UA913 - INFO - Autopilot state: {'connection': True, 'bee_state': 'OFF', 'roll': 1500, 'pitch': 1500, 'yaw': 1500, 'throttle': 885, 'aux1': 1850, 'aux2': 1500, 'aux3': 1500, 'aux4': 1500, 'battery': 0.0, 'rssi': 360, 'rssi_msg': 'Strong signal', 'speed': 0.0, 'altitude': 1.56, 'delivered': False}
2025-08-16 17:50:20,074 - BEE-EPT-UA913 - DEBUG - Executing command: TELEMETRY, Priority: 1, Body: {'target': 'MSP_RC'}
2025-08-16 17:50:21,180 - BEE-EPT-UA913 - DEBUG - Telemetry: b'\xdc\x05\xdc\x05\xdc\x05u\x03:\x07\xdc\x05\xdc\x05\xdc\x05\xdc\x05\xdc\x05\xdc\x05\xdc\x05\xdc\x05\xdc\x05\xdc\x05\xdc\x05'
2025-08-16 17:50:21,180 - BEE-EPT-UA913 - INFO - Autopilot state: {'connection': True, 'bee_state': 'OFF', 'roll': 1500, 'pitch': 1500, 'yaw': 1500, 'throttle': 885, 'aux1': 1850, 'aux2': 1500, 'aux3': 1500, 'aux4': 1500, 'battery': 0.0, 'rssi': 360, 'rssi_msg': 'Strong signal', 'speed': 0.0, 'altitude': 1.56, 'delivered': False}
2025-08-16 17:50:22,181 - BEE-EPT-UA913 - DEBUG - Executing command: TELEMETRY, Priority: 2, Body: {'target': 'MSP_ALTITUDE'}
2025-08-16 17:50:23,284 - BEE-EPT-UA913 - DEBUG - Telemetry: b'\x9c\x00\x00\x00\x00\x00'
2025-08-16 17:50:23,285 - BEE-EPT-UA913 - INFO - Current altitude [1.56 m]
2025-08-16 17:50:23,285 - BEE-EPT-UA913 - INFO - Autopilot state: {'connection': True, 'bee_state': 'OFF', 'roll': 1500, 'pitch': 1500, 'yaw': 1500, 'throttle': 885, 'aux1': 1850, 'aux2': 1500, 'aux3': 1500, 'aux4': 1500, 'battery': 0.0, 'rssi': 360, 'rssi_msg': 'Strong signal', 'speed': 0.0, 'altitude': 1.56, 'delivered': False}
2025-08-16 17:50:24,286 - BEE-EPT-UA913 - DEBUG - Executing command: TELEMETRY, Priority: 1, Body: {'target': 'MSP_RC'}
2025-08-16 17:50:25,392 - BEE-EPT-UA913 - DEBUG - Telemetry: b'\xdc\x05\xdc\x05\xdc\x05u\x03:\x07\xdc\x05\xdc\x05\xdc\x05\xdc\x05\xdc\x05\xdc\x05\xdc\x05\xdc\x05\xdc\x05\xdc\x05\xdc\x05'
2025-08-16 17:50:25,392 - BEE-EPT-UA913 - INFO - Autopilot state: {'connection': True, 'bee_state': 'OFF', 'roll': 1500, 'pitch': 1500, 'yaw': 1500, 'throttle': 885, 'aux1': 1850, 'aux2': 1500, 'aux3': 1500, 'aux4': 1500, 'battery': 0.0, 'rssi': 360, 'rssi_msg': 'Strong signal', 'speed': 0.0, 'altitude': 1.56, 'delivered': False}
2025-08-16 17:50:26,393 - BEE-EPT-UA913 - DEBUG - Executing command: TELEMETRY, Priority: 2, Body: {'target': 'MSP_ALTITUDE'}
2025-08-16 17:50:27,497 - BEE-EPT-UA913 - DEBUG - Telemetry: b'\x9c\x00\x00\x00\x00\x00'
2025-08-16 17:50:27,497 - BEE-EPT-UA913 - INFO - Current altitude [1.56 m]
2025-08-16 17:50:27,497 - BEE-EPT-UA913 - INFO - Autopilot state: {'connection': True, 'bee_state': 'OFF', 'roll': 1500, 'pitch': 1500, 'yaw': 1500, 'throttle': 885, 'aux1': 1850, 'aux2': 1500, 'aux3': 1500, 'aux4': 1500, 'battery': 0.0, 'rssi': 360, 'rssi_msg': 'Strong signal', 'speed': 0.0, 'altitude': 1.56, 'delivered': False}
2025-08-16 17:50:28,498 - BEE-EPT-UA913 - DEBUG - Executing command: TELEMETRY, Priority: 1, Body: {'target': 'MSP_RC'}
2025-08-16 17:50:29,604 - BEE-EPT-UA913 - DEBUG - Telemetry: b'\xdc\x05\xdc\x05\xdc\x05u\x03:\x07\xdc\x05\xdc\x05\xdc\x05\xdc\x05\xdc\x05\xdc\x05\xdc\x05\xdc\x05\xdc\x05\xdc\x05\xdc\x05'
2025-08-16 17:50:29,605 - BEE-EPT-UA913 - INFO - Autopilot state: {'connection': True, 'bee_state': 'OFF', 'roll': 1500, 'pitch': 1500, 'yaw': 1500, 'throttle': 885, 'aux1': 1850, 'aux2': 1500, 'aux3': 1500, 'aux4': 1500, 'battery': 0.0, 'rssi': 360, 'rssi_msg': 'Strong signal', 'speed': 0.0, 'altitude': 1.56, 'delivered': False}
2025-08-16 17:50:30,606 - BEE-EPT-UA913 - DEBUG - Executing command: TELEMETRY, Priority: 2, Body: {'target': 'MSP_ALTITUDE'}
2025-08-16 17:50:31,709 - BEE-EPT-UA913 - DEBUG - Telemetry: b'\x9c\x00\x00\x00\x00\x00'
2025-08-16 17:50:31,710 - BEE-EPT-UA913 - INFO - Current altitude [1.56 m]
2025-08-16 17:50:31,710 - BEE-EPT-UA913 - INFO - Autopilot state: {'connection': True, 'bee_state': 'OFF', 'roll': 1500, 'pitch': 1500, 'yaw': 1500, 'throttle': 885, 'aux1': 1850, 'aux2': 1500, 'aux3': 1500, 'aux4': 1500, 'battery': 0.0, 'rssi': 360, 'rssi_msg': 'Strong signal', 'speed': 0.0, 'altitude': 1.56, 'delivered': False}
2025-08-16 17:50:32,711 - BEE-EPT-UA913 - DEBUG - Executing command: TELEMETRY, Priority: 1, Body: {'target': 'MSP_RC'}
2025-08-16 17:50:33,817 - BEE-EPT-UA913 - DEBUG - Telemetry: b'\xdc\x05\xdc\x05\xdc\x05u\x03:\x07\xdc\x05\xdc\x05\xdc\x05\xdc\x05\xdc\x05\xdc\x05\xdc\x05\xdc\x05\xdc\x05\xdc\x05\xdc\x05'
2025-08-16 17:50:33,817 - BEE-EPT-UA913 - INFO - Autopilot state: {'connection': True, 'bee_state': 'OFF', 'roll': 1500, 'pitch': 1500, 'yaw': 1500, 'throttle': 885, 'aux1': 1850, 'aux2': 1500, 'aux3': 1500, 'aux4': 1500, 'battery': 0.0, 'rssi': 360, 'rssi_msg': 'Strong signal', 'speed': 0.0, 'altitude': 1.56, 'delivered': False}
2025-08-16 17:50:34,818 - BEE-EPT-UA913 - DEBUG - Executing command: TELEMETRY, Priority: 2, Body: {'target': 'MSP_ALTITUDE'}
2025-08-16 17:50:35,921 - BEE-EPT-UA913 - DEBUG - Telemetry: b'\x94\x00\x00\x00\x00\x00'
2025-08-16 17:50:35,922 - BEE-EPT-UA913 - INFO - Current altitude [1.48 m]
2025-08-16 17:50:35,922 - BEE-EPT-UA913 - INFO - Autopilot state: {'connection': True, 'bee_state': 'OFF', 'roll': 1500, 'pitch': 1500, 'yaw': 1500, 'throttle': 885, 'aux1': 1850, 'aux2': 1500, 'aux3': 1500, 'aux4': 1500, 'battery': 0.0, 'rssi': 360, 'rssi_msg': 'Strong signal', 'speed': 0.0, 'altitude': 1.48, 'delivered': False}
2025-08-16 17:50:36,923 - BEE-EPT-UA913 - DEBUG - Executing command: TELEMETRY, Priority: 1, Body: {'target': 'MSP_RC'}
2025-08-16 17:50:38,029 - BEE-EPT-UA913 - DEBUG - Telemetry: b'\xdc\x05\xdc\x05\xdc\x05u\x03:\x07\xdc\x05\xdc\x05\xdc\x05\xdc\x05\xdc\x05\xdc\x05\xdc\x05\xdc\x05\xdc\x05\xdc\x05\xdc\x05'
2025-08-16 17:50:38,029 - BEE-EPT-UA913 - INFO - Autopilot state: {'connection': True, 'bee_state': 'OFF', 'roll': 1500, 'pitch': 1500, 'yaw': 1500, 'throttle': 885, 'aux1': 1850, 'aux2': 1500, 'aux3': 1500, 'aux4': 1500, 'battery': 0.0, 'rssi': 360, 'rssi_msg': 'Strong signal', 'speed': 0.0, 'altitude': 1.48, 'delivered': False}
2025-08-16 17:50:39,030 - BEE-EPT-UA913 - DEBUG - Executing command: MONITOR, Priority: 2, Body: {'target': 'MSP_ANALOG'}
2025-08-16 17:50:40,134 - BEE-EPT-UA913 - DEBUG - Monitoring: b'\x00\x00\x00g\x01\x00\x00\x04\x00'
2025-08-16 17:50:40,134 - BEE-EPT-UA913 - INFO - RSSI: 359, signal: Strong signal, battery voltage: 0.0V
2025-08-16 17:50:41,135 - BEE-EPT-UA913 - DEBUG - Executing command: TELEMETRY, Priority: 1, Body: {'target': 'MSP_RC'}
2025-08-16 17:50:42,241 - BEE-EPT-UA913 - DEBUG - Telemetry: b'\xdc\x05\xdc\x05\xdc\x05u\x03:\x07\xdc\x05\xdc\x05\xdc\x05\xdc\x05\xdc\x05\xdc\x05\xdc\x05\xdc\x05\xdc\x05\xdc\x05\xdc\x05'
2025-08-16 17:50:42,241 - BEE-EPT-UA913 - INFO - Autopilot state: {'connection': True, 'bee_state': 'OFF', 'roll': 1500, 'pitch': 1500, 'yaw': 1500, 'throttle': 885, 'aux1': 1850, 'aux2': 1500, 'aux3': 1500, 'aux4': 1500, 'battery': 0.0, 'rssi': 359, 'rssi_msg': 'Strong signal', 'speed': 0.0, 'altitude': 1.48, 'delivered': False}
2025-08-16 17:50:43,242 - BEE-EPT-UA913 - DEBUG - Executing command: TELEMETRY, Priority: 2, Body: {'target': 'MSP_ALTITUDE'}
2025-08-16 17:50:44,346 - BEE-EPT-UA913 - DEBUG - Telemetry: b'\x8c\x00\x00\x00\x00\x00'
2025-08-16 17:50:44,346 - BEE-EPT-UA913 - INFO - Current altitude [1.4 m]
2025-08-16 17:50:44,347 - BEE-EPT-UA913 - INFO - Autopilot state: {'connection': True, 'bee_state': 'OFF', 'roll': 1500, 'pitch': 1500, 'yaw': 1500, 'throttle': 885, 'aux1': 1850, 'aux2': 1500, 'aux3': 1500, 'aux4': 1500, 'battery': 0.0, 'rssi': 359, 'rssi_msg': 'Strong signal', 'speed': 0.0, 'altitude': 1.4, 'delivered': False}
2025-08-16 17:50:45,347 - BEE-EPT-UA913 - DEBUG - Executing command: TELEMETRY, Priority: 1, Body: {'target': 'MSP_RC'}
2025-08-16 17:50:46,453 - BEE-EPT-UA913 - DEBUG - Telemetry: b'\xdc\x05\xdc\x05\xdc\x05u\x03:\x07\xdc\x05\xdc\x05\xdc\x05\xdc\x05\xdc\x05\xdc\x05\xdc\x05\xdc\x05\xdc\x05\xdc\x05\xdc\x05'
2025-08-16 17:50:46,454 - BEE-EPT-UA913 - INFO - Autopilot state: {'connection': True, 'bee_state': 'OFF', 'roll': 1500, 'pitch': 1500, 'yaw': 1500, 'throttle': 885, 'aux1': 1850, 'aux2': 1500, 'aux3': 1500, 'aux4': 1500, 'battery': 0.0, 'rssi': 359, 'rssi_msg': 'Strong signal', 'speed': 0.0, 'altitude': 1.4, 'delivered': False}
2025-08-16 17:50:47,455 - BEE-EPT-UA913 - DEBUG - Executing command: MONITOR, Priority: 2, Body: {'target': 'MSP_ANALOG'}
2025-08-16 17:50:48,558 - BEE-EPT-UA913 - DEBUG - Monitoring: b'\x00\x00\x00e\x01\x00\x00\x04\x00'
2025-08-16 17:50:48,559 - BEE-EPT-UA913 - INFO - RSSI: 357, signal: Strong signal, battery voltage: 0.0V
2025-08-16 17:50:49,560 - BEE-EPT-UA913 - DEBUG - Executing command: TELEMETRY, Priority: 1, Body: {'target': 'MSP_RC'}
2025-08-16 17:50:50,666 - BEE-EPT-UA913 - DEBUG - Telemetry: b'\xdc\x05\xdc\x05\xdc\x05u\x03:\x07\xdc\x05\xdc\x05\xdc\x05\xdc\x05\xdc\x05\xdc\x05\xdc\x05\xdc\x05\xdc\x05\xdc\x05\xdc\x05'
2025-08-16 17:50:50,667 - BEE-EPT-UA913 - INFO - Autopilot state: {'connection': True, 'bee_state': 'OFF', 'roll': 1500, 'pitch': 1500, 'yaw': 1500, 'throttle': 885, 'aux1': 1850, 'aux2': 1500, 'aux3': 1500, 'aux4': 1500, 'battery': 0.0, 'rssi': 357, 'rssi_msg': 'Strong signal', 'speed': 0.0, 'altitude': 1.4, 'delivered': False}
2025-08-16 17:50:51,667 - BEE-EPT-UA913 - DEBUG - Executing command: TELEMETRY, Priority: 1, Body: {'target': 'MSP_RC'}
2025-08-16 17:50:52,773 - BEE-EPT-UA913 - DEBUG - Telemetry: b'\xdc\x05\xdc\x05\xdc\x05u\x03:\x07\xdc\x05\xdc\x05\xdc\x05\xdc\x05\xdc\x05\xdc\x05\xdc\x05\xdc\x05\xdc\x05\xdc\x05\xdc\x05'
2025-08-16 17:50:52,774 - BEE-EPT-UA913 - INFO - Autopilot state: {'connection': True, 'bee_state': 'OFF', 'roll': 1500, 'pitch': 1500, 'yaw': 1500, 'throttle': 885, 'aux1': 1850, 'aux2': 1500, 'aux3': 1500, 'aux4': 1500, 'battery': 0.0, 'rssi': 357, 'rssi_msg': 'Strong signal', 'speed': 0.0, 'altitude': 1.4, 'delivered': False}
2025-08-16 17:50:53,775 - BEE-EPT-UA913 - DEBUG - Executing command: TELEMETRY, Priority: 2, Body: {'target': 'MSP_ALTITUDE'}
2025-08-16 17:50:54,878 - BEE-EPT-UA913 - DEBUG - Telemetry: b'\x8c\x00\x00\x00\x00\x00'
2025-08-16 17:50:54,879 - BEE-EPT-UA913 - INFO - Current altitude [1.4 m]
2025-08-16 17:50:54,879 - BEE-EPT-UA913 - INFO - Autopilot state: {'connection': True, 'bee_state': 'OFF', 'roll': 1500, 'pitch': 1500, 'yaw': 1500, 'throttle': 885, 'aux1': 1850, 'aux2': 1500, 'aux3': 1500, 'aux4': 1500, 'battery': 0.0, 'rssi': 357, 'rssi_msg': 'Strong signal', 'speed': 0.0, 'altitude': 1.4, 'delivered': False}
2025-08-16 17:50:55,880 - BEE-EPT-UA913 - DEBUG - Executing command: TELEMETRY, Priority: 1, Body: {'target': 'MSP_RC'}
2025-08-16 17:50:56,986 - BEE-EPT-UA913 - DEBUG - Telemetry: b'\xdc\x05\xdc\x05\xdc\x05u\x03:\x07\xdc\x05\xdc\x05\xdc\x05\xdc\x05\xdc\x05\xdc\x05\xdc\x05\xdc\x05\xdc\x05\xdc\x05\xdc\x05'
2025-08-16 17:50:56,987 - BEE-EPT-UA913 - INFO - Autopilot state: {'connection': True, 'bee_state': 'OFF', 'roll': 1500, 'pitch': 1500, 'yaw': 1500, 'throttle': 885, 'aux1': 1850, 'aux2': 1500, 'aux3': 1500, 'aux4': 1500, 'battery': 0.0, 'rssi': 357, 'rssi_msg': 'Strong signal', 'speed': 0.0, 'altitude': 1.4, 'delivered': False}
2025-08-16 17:50:57,987 - BEE-EPT-UA913 - DEBUG - Executing command: TELEMETRY, Priority: 2, Body: {'target': 'MSP_ALTITUDE'}
2025-08-16 17:50:59,091 - BEE-EPT-UA913 - DEBUG - Telemetry: b'\x8c\x00\x00\x00\x00\x00'
2025-08-16 17:50:59,091 - BEE-EPT-UA913 - INFO - Current altitude [1.4 m]
2025-08-16 17:50:59,092 - BEE-EPT-UA913 - INFO - Autopilot state: {'connection': True, 'bee_state': 'OFF', 'roll': 1500, 'pitch': 1500, 'yaw': 1500, 'throttle': 885, 'aux1': 1850, 'aux2': 1500, 'aux3': 1500, 'aux4': 1500, 'battery': 0.0, 'rssi': 357, 'rssi_msg': 'Strong signal', 'speed': 0.0, 'altitude': 1.4, 'delivered': False}
2025-08-16 17:51:00,093 - BEE-EPT-UA913 - DEBUG - Executing command: TELEMETRY, Priority: 1, Body: {'target': 'MSP_RC'}
2025-08-16 17:51:01,199 - BEE-EPT-UA913 - DEBUG - Telemetry: b'\xdc\x05\xdc\x05\xdc\x05u\x03:\x07\xdc\x05\xdc\x05\xdc\x05\xdc\x05\xdc\x05\xdc\x05\xdc\x05\xdc\x05\xdc\x05\xdc\x05\xdc\x05'
2025-08-16 17:51:01,200 - BEE-EPT-UA913 - INFO - Autopilot state: {'connection': True, 'bee_state': 'OFF', 'roll': 1500, 'pitch': 1500, 'yaw': 1500, 'throttle': 885, 'aux1': 1850, 'aux2': 1500, 'aux3': 1500, 'aux4': 1500, 'battery': 0.0, 'rssi': 357, 'rssi_msg': 'Strong signal', 'speed': 0.0, 'altitude': 1.4, 'delivered': False}
2025-08-16 17:51:02,200 - BEE-EPT-UA913 - DEBUG - Executing command: MONITOR, Priority: 2, Body: {'target': 'MSP_ANALOG'}
2025-08-16 17:51:03,304 - BEE-EPT-UA913 - DEBUG - Monitoring: b'\x00\x00\x00c\x01\x00\x00\x04\x00'
2025-08-16 17:51:03,305 - BEE-EPT-UA913 - INFO - RSSI: 355, signal: Strong signal, battery voltage: 0.0V
2025-08-16 17:51:04,305 - BEE-EPT-UA913 - DEBUG - Executing command: TELEMETRY, Priority: 1, Body: {'target': 'MSP_RC'}
2025-08-16 17:51:05,412 - BEE-EPT-UA913 - DEBUG - Telemetry: b'\xdc\x05\xdc\x05\xdc\x05u\x03:\x07\xdc\x05\xdc\x05\xdc\x05\xdc\x05\xdc\x05\xdc\x05\xdc\x05\xdc\x05\xdc\x05\xdc\x05\xdc\x05'
2025-08-16 17:51:05,412 - BEE-EPT-UA913 - INFO - Autopilot state: {'connection': True, 'bee_state': 'OFF', 'roll': 1500, 'pitch': 1500, 'yaw': 1500, 'throttle': 885, 'aux1': 1850, 'aux2': 1500, 'aux3': 1500, 'aux4': 1500, 'battery': 0.0, 'rssi': 355, 'rssi_msg': 'Strong signal', 'speed': 0.0, 'altitude': 1.4, 'delivered': False}
2025-08-16 17:51:06,413 - BEE-EPT-UA913 - DEBUG - Executing command: MONITOR, Priority: 2, Body: {'target': 'MSP_ANALOG'}
2025-08-16 17:51:07,516 - BEE-EPT-UA913 - DEBUG - Monitoring: b'\x00\x00\x00d\x01\x00\x00\x04\x00'
2025-08-16 17:51:07,517 - BEE-EPT-UA913 - INFO - RSSI: 356, signal: Strong signal, battery voltage: 0.0V
2025-08-16 17:51:08,517 - BEE-EPT-UA913 - DEBUG - Executing command: TELEMETRY, Priority: 1, Body: {'target': 'MSP_RC'}
2025-08-16 17:51:09,624 - BEE-EPT-UA913 - DEBUG - Telemetry: b'\xdc\x05\xdc\x05\xdc\x05u\x03:\x07\xdc\x05\xdc\x05\xdc\x05\xdc\x05\xdc\x05\xdc\x05\xdc\x05\xdc\x05\xdc\x05\xdc\x05\xdc\x05'
2025-08-16 17:51:09,624 - BEE-EPT-UA913 - INFO - Autopilot state: {'connection': True, 'bee_state': 'OFF', 'roll': 1500, 'pitch': 1500, 'yaw': 1500, 'throttle': 885, 'aux1': 1850, 'aux2': 1500, 'aux3': 1500, 'aux4': 1500, 'battery': 0.0, 'rssi': 356, 'rssi_msg': 'Strong signal', 'speed': 0.0, 'altitude': 1.4, 'delivered': False}
2025-08-16 17:51:10,625 - BEE-EPT-UA913 - DEBUG - Executing command: TELEMETRY, Priority: 2, Body: {'target': 'MSP_ALTITUDE'}
2025-08-16 17:51:11,729 - BEE-EPT-UA913 - DEBUG - Telemetry: b'{\x00\x00\x00\x00\x00'
2025-08-16 17:51:11,729 - BEE-EPT-UA913 - INFO - Current altitude [1.23 m]
2025-08-16 17:51:11,730 - BEE-EPT-UA913 - INFO - Autopilot state: {'connection': True, 'bee_state': 'OFF', 'roll': 1500, 'pitch': 1500, 'yaw': 1500, 'throttle': 885, 'aux1': 1850, 'aux2': 1500, 'aux3': 1500, 'aux4': 1500, 'battery': 0.0, 'rssi': 356, 'rssi_msg': 'Strong signal', 'speed': 0.0, 'altitude': 1.23, 'delivered': False}
2025-08-16 17:51:12,730 - BEE-EPT-UA913 - DEBUG - Executing command: TELEMETRY, Priority: 1, Body: {'target': 'MSP_RC'}
2025-08-16 17:51:13,837 - BEE-EPT-UA913 - DEBUG - Telemetry: b'\xdc\x05\xdc\x05\xdc\x05u\x03:\x07\xdc\x05\xdc\x05\xdc\x05\xdc\x05\xdc\x05\xdc\x05\xdc\x05\xdc\x05\xdc\x05\xdc\x05\xdc\x05'
2025-08-16 17:51:13,837 - BEE-EPT-UA913 - INFO - Autopilot state: {'connection': True, 'bee_state': 'OFF', 'roll': 1500, 'pitch': 1500, 'yaw': 1500, 'throttle': 885, 'aux1': 1850, 'aux2': 1500, 'aux3': 1500, 'aux4': 1500, 'battery': 0.0, 'rssi': 356, 'rssi_msg': 'Strong signal', 'speed': 0.0, 'altitude': 1.23, 'delivered': False}
2025-08-16 17:51:14,838 - BEE-EPT-UA913 - DEBUG - Executing command: MONITOR, Priority: 2, Body: {'target': 'MSP_ANALOG'}
2025-08-16 17:51:15,942 - BEE-EPT-UA913 - DEBUG - Monitoring: b'\x00\x00\x00a\x01\x00\x00\x04\x00'
2025-08-16 17:51:15,942 - BEE-EPT-UA913 - INFO - RSSI: 353, signal: Strong signal, battery voltage: 0.0V
2025-08-16 17:51:16,943 - BEE-EPT-UA913 - DEBUG - Executing command: TELEMETRY, Priority: 1, Body: {'target': 'MSP_RC'}
2025-08-16 17:51:18,049 - BEE-EPT-UA913 - DEBUG - Telemetry: b'\xdc\x05\xdc\x05\xdc\x05u\x03:\x07\xdc\x05\xdc\x05\xdc\x05\xdc\x05\xdc\x05\xdc\x05\xdc\x05\xdc\x05\xdc\x05\xdc\x05\xdc\x05'
2025-08-16 17:51:18,049 - BEE-EPT-UA913 - INFO - Autopilot state: {'connection': True, 'bee_state': 'OFF', 'roll': 1500, 'pitch': 1500, 'yaw': 1500, 'throttle': 885, 'aux1': 1850, 'aux2': 1500, 'aux3': 1500, 'aux4': 1500, 'battery': 0.0, 'rssi': 353, 'rssi_msg': 'Strong signal', 'speed': 0.0, 'altitude': 1.23, 'delivered': False}
2025-08-16 17:51:19,050 - BEE-EPT-UA913 - DEBUG - Executing command: MONITOR, Priority: 2, Body: {'target': 'MSP_ANALOG'}
2025-08-16 17:51:20,154 - BEE-EPT-UA913 - DEBUG - Monitoring: b'\x00\x00\x00c\x01\x00\x00\x04\x00'
2025-08-16 17:51:20,154 - BEE-EPT-UA913 - INFO - RSSI: 355, signal: Strong signal, battery voltage: 0.0V
2025-08-16 17:51:21,155 - BEE-EPT-UA913 - DEBUG - Executing command: TELEMETRY, Priority: 1, Body: {'target': 'MSP_RC'}
2025-08-16 17:51:22,261 - BEE-EPT-UA913 - DEBUG - Telemetry: b'\xdc\x05\xdc\x05\xdc\x05u\x03:\x07\xdc\x05\xdc\x05\xdc\x05\xdc\x05\xdc\x05\xdc\x05\xdc\x05\xdc\x05\xdc\x05\xdc\x05\xdc\x05'
2025-08-16 17:51:22,262 - BEE-EPT-UA913 - INFO - Autopilot state: {'connection': True, 'bee_state': 'OFF', 'roll': 1500, 'pitch': 1500, 'yaw': 1500, 'throttle': 885, 'aux1': 1850, 'aux2': 1500, 'aux3': 1500, 'aux4': 1500, 'battery': 0.0, 'rssi': 355, 'rssi_msg': 'Strong signal', 'speed': 0.0, 'altitude': 1.23, 'delivered': False}
2025-08-16 17:51:23,263 - BEE-EPT-UA913 - DEBUG - Executing command: MONITOR, Priority: 2, Body: {'target': 'MSP_ANALOG'}
2025-08-16 17:51:24,366 - BEE-EPT-UA913 - DEBUG - Monitoring: b'\x00\x00\x00b\x01\x00\x00\x04\x00'
2025-08-16 17:51:24,367 - BEE-EPT-UA913 - INFO - RSSI: 354, signal: Strong signal, battery voltage: 0.0V
2025-08-16 17:51:25,368 - BEE-EPT-UA913 - DEBUG - Executing command: TELEMETRY, Priority: 1, Body: {'target': 'MSP_RC'}
2025-08-16 17:51:26,474 - BEE-EPT-UA913 - DEBUG - Telemetry: b'\xdc\x05\xdc\x05\xdc\x05u\x03:\x07\xdc\x05\xdc\x05\xdc\x05\xdc\x05\xdc\x05\xdc\x05\xdc\x05\xdc\x05\xdc\x05\xdc\x05\xdc\x05'
2025-08-16 17:51:26,474 - BEE-EPT-UA913 - INFO - Autopilot state: {'connection': True, 'bee_state': 'OFF', 'roll': 1500, 'pitch': 1500, 'yaw': 1500, 'throttle': 885, 'aux1': 1850, 'aux2': 1500, 'aux3': 1500, 'aux4': 1500, 'battery': 0.0, 'rssi': 354, 'rssi_msg': 'Strong signal', 'speed': 0.0, 'altitude': 1.23, 'delivered': False}
2025-08-16 17:51:27,475 - BEE-EPT-UA913 - DEBUG - Executing command: MONITOR, Priority: 2, Body: {'target': 'MSP_ANALOG'}
2025-08-16 17:51:28,579 - BEE-EPT-UA913 - DEBUG - Monitoring: b'\x00\x00\x00a\x01\x00\x00\x04\x00'
2025-08-16 17:51:28,579 - BEE-EPT-UA913 - INFO - RSSI: 353, signal: Strong signal, battery voltage: 0.0V
2025-08-16 17:51:29,580 - BEE-EPT-UA913 - DEBUG - Executing command: TELEMETRY, Priority: 1, Body: {'target': 'MSP_RC'}
2025-08-16 17:51:30,686 - BEE-EPT-UA913 - DEBUG - Telemetry: b'\xdc\x05\xdc\x05\xdc\x05u\x03:\x07\xdc\x05\xdc\x05\xdc\x05\xdc\x05\xdc\x05\xdc\x05\xdc\x05\xdc\x05\xdc\x05\xdc\x05\xdc\x05'
2025-08-16 17:51:30,686 - BEE-EPT-UA913 - INFO - Autopilot state: {'connection': True, 'bee_state': 'OFF', 'roll': 1500, 'pitch': 1500, 'yaw': 1500, 'throttle': 885, 'aux1': 1850, 'aux2': 1500, 'aux3': 1500, 'aux4': 1500, 'battery': 0.0, 'rssi': 353, 'rssi_msg': 'Strong signal', 'speed': 0.0, 'altitude': 1.23, 'delivered': False}
2025-08-16 17:51:31,687 - BEE-EPT-UA913 - DEBUG - Executing command: TELEMETRY, Priority: 1, Body: {'target': 'MSP_RC'}
2025-08-16 17:51:32,793 - BEE-EPT-UA913 - DEBUG - Telemetry: b'\xdc\x05\xdc\x05\xdc\x05u\x03:\x07\xdc\x05\xdc\x05\xdc\x05\xdc\x05\xdc\x05\xdc\x05\xdc\x05\xdc\x05\xdc\x05\xdc\x05\xdc\x05'
2025-08-16 17:51:32,794 - BEE-EPT-UA913 - INFO - Autopilot state: {'connection': True, 'bee_state': 'OFF', 'roll': 1500, 'pitch': 1500, 'yaw': 1500, 'throttle': 885, 'aux1': 1850, 'aux2': 1500, 'aux3': 1500, 'aux4': 1500, 'battery': 0.0, 'rssi': 353, 'rssi_msg': 'Strong signal', 'speed': 0.0, 'altitude': 1.23, 'delivered': False}
2025-08-16 17:51:33,795 - BEE-EPT-UA913 - DEBUG - Executing command: TELEMETRY, Priority: 2, Body: {'target': 'MSP_ALTITUDE'}
2025-08-16 17:51:33,897 - BEE-EPT-UA913 - DEBUG - Telemetry: b'a\x00\x00\x00\x00\x00'
2025-08-16 17:51:33,897 - BEE-EPT-UA913 - INFO - Autopilot state: {'connection': True, 'bee_state': 'OFF', 'roll': 1500, 'pitch': 1500, 'yaw': 1500, 'throttle': 885, 'aux1': 1850, 'aux2': 1500, 'aux3': 1500, 'aux4': 1500, 'battery': 0.0, 'rssi': 353, 'rssi_msg': 'Strong signal', 'speed': 0.0, 'altitude': 0.97, 'delivered': False}
2025-08-16 17:51:34,898 - BEE-EPT-UA913 - DEBUG - Executing command: TELEMETRY, Priority: 2, Body: {'target': 'MSP_ALTITUDE'}
2025-08-16 17:51:35,000 - BEE-EPT-UA913 - DEBUG - Telemetry: b'a\x00\x00\x00\x00\x00'
2025-08-16 17:51:35,001 - BEE-EPT-UA913 - INFO - Autopilot state: {'connection': True, 'bee_state': 'OFF', 'roll': 1500, 'pitch': 1500, 'yaw': 1500, 'throttle': 885, 'aux1': 1850, 'aux2': 1500, 'aux3': 1500, 'aux4': 1500, 'battery': 0.0, 'rssi': 353, 'rssi_msg': 'Strong signal', 'speed': 0.0, 'altitude': 0.97, 'delivered': False}
2025-08-16 17:51:36,002 - BEE-EPT-UA913 - DEBUG - Executing command: TELEMETRY, Priority: 1, Body: {'target': 'MSP_RC'}
2025-08-16 17:51:37,108 - BEE-EPT-UA913 - DEBUG - Telemetry: b'\xdc\x05\xdc\x05\xdc\x05u\x03:\x07\xdc\x05\xdc\x05\xdc\x05\xdc\x05\xdc\x05\xdc\x05\xdc\x05\xdc\x05\xdc\x05\xdc\x05\xdc\x05'
2025-08-16 17:51:37,108 - BEE-EPT-UA913 - INFO - Autopilot state: {'connection': True, 'bee_state': 'OFF', 'roll': 1500, 'pitch': 1500, 'yaw': 1500, 'throttle': 885, 'aux1': 1850, 'aux2': 1500, 'aux3': 1500, 'aux4': 1500, 'battery': 0.0, 'rssi': 353, 'rssi_msg': 'Strong signal', 'speed': 0.0, 'altitude': 0.97, 'delivered': False}
2025-08-16 17:51:38,109 - BEE-EPT-UA913 - DEBUG - Executing command: TELEMETRY, Priority: 2, Body: {'target': 'MSP_ALTITUDE'}
2025-08-16 17:51:39,212 - BEE-EPT-UA913 - DEBUG - Telemetry: b'Y\x00\x00\x00\x00\x00'
2025-08-16 17:51:39,213 - BEE-EPT-UA913 - INFO - Autopilot state: {'connection': True, 'bee_state': 'OFF', 'roll': 1500, 'pitch': 1500, 'yaw': 1500, 'throttle': 885, 'aux1': 1850, 'aux2': 1500, 'aux3': 1500, 'aux4': 1500, 'battery': 0.0, 'rssi': 353, 'rssi_msg': 'Strong signal', 'speed': 0.0, 'altitude': 0.89, 'delivered': False}
2025-08-16 17:51:40,214 - BEE-EPT-UA913 - DEBUG - Executing command: TELEMETRY, Priority: 1, Body: {'target': 'MSP_RC'}
2025-08-16 17:51:41,320 - BEE-EPT-UA913 - DEBUG - Telemetry: b'\xdc\x05\xdc\x05\xdc\x05u\x03:\x07\xdc\x05\xdc\x05\xdc\x05\xdc\x05\xdc\x05\xdc\x05\xdc\x05\xdc\x05\xdc\x05\xdc\x05\xdc\x05'
2025-08-16 17:51:41,320 - BEE-EPT-UA913 - INFO - Autopilot state: {'connection': True, 'bee_state': 'OFF', 'roll': 1500, 'pitch': 1500, 'yaw': 1500, 'throttle': 885, 'aux1': 1850, 'aux2': 1500, 'aux3': 1500, 'aux4': 1500, 'battery': 0.0, 'rssi': 353, 'rssi_msg': 'Strong signal', 'speed': 0.0, 'altitude': 0.89, 'delivered': False}
2025-08-16 17:51:42,321 - BEE-EPT-UA913 - DEBUG - Executing command: MONITOR, Priority: 2, Body: {'target': 'MSP_ANALOG'}
2025-08-16 17:51:43,425 - BEE-EPT-UA913 - DEBUG - Monitoring: b'\x00\x00\x00d\x01\x00\x00\x04\x00'
2025-08-16 17:51:43,425 - BEE-EPT-UA913 - INFO - RSSI: 356, signal: Strong signal, battery voltage: 0.0V
2025-08-16 17:51:44,426 - BEE-EPT-UA913 - DEBUG - Executing command: TELEMETRY, Priority: 1, Body: {'target': 'MSP_RC'}
2025-08-16 17:51:45,532 - BEE-EPT-UA913 - DEBUG - Telemetry: b'\xdc\x05\xdc\x05\xdc\x05u\x03:\x07\xdc\x05\xdc\x05\xdc\x05\xdc\x05\xdc\x05\xdc\x05\xdc\x05\xdc\x05\xdc\x05\xdc\x05\xdc\x05'
2025-08-16 17:51:45,533 - BEE-EPT-UA913 - INFO - Autopilot state: {'connection': True, 'bee_state': 'OFF', 'roll': 1500, 'pitch': 1500, 'yaw': 1500, 'throttle': 885, 'aux1': 1850, 'aux2': 1500, 'aux3': 1500, 'aux4': 1500, 'battery': 0.0, 'rssi': 356, 'rssi_msg': 'Strong signal', 'speed': 0.0, 'altitude': 0.89, 'delivered': False}
2025-08-16 17:51:46,533 - BEE-EPT-UA913 - DEBUG - Executing command: MONITOR, Priority: 2, Body: {'target': 'MSP_ANALOG'}
2025-08-16 17:51:47,637 - BEE-EPT-UA913 - DEBUG - Monitoring: b'\x00\x00\x00e\x01\x00\x00\x04\x00'
2025-08-16 17:51:47,638 - BEE-EPT-UA913 - INFO - RSSI: 357, signal: Strong signal, battery voltage: 0.0V
2025-08-16 17:51:48,638 - BEE-EPT-UA913 - DEBUG - Executing command: TELEMETRY, Priority: 1, Body: {'target': 'MSP_RC'}
2025-08-16 17:51:49,745 - BEE-EPT-UA913 - DEBUG - Telemetry: b'\xdc\x05\xdc\x05\xdc\x05u\x03:\x07\xdc\x05\xdc\x05\xdc\x05\xdc\x05\xdc\x05\xdc\x05\xdc\x05\xdc\x05\xdc\x05\xdc\x05\xdc\x05'
2025-08-16 17:51:49,745 - BEE-EPT-UA913 - INFO - Autopilot state: {'connection': True, 'bee_state': 'OFF', 'roll': 1500, 'pitch': 1500, 'yaw': 1500, 'throttle': 885, 'aux1': 1850, 'aux2': 1500, 'aux3': 1500, 'aux4': 1500, 'battery': 0.0, 'rssi': 357, 'rssi_msg': 'Strong signal', 'speed': 0.0, 'altitude': 0.89, 'delivered': False}
2025-08-16 17:51:50,746 - BEE-EPT-UA913 - DEBUG - Executing command: TELEMETRY, Priority: 2, Body: {'target': 'MSP_ALTITUDE'}
2025-08-16 17:51:51,849 - BEE-EPT-UA913 - DEBUG - Telemetry: b'Y\x00\x00\x00\x00\x00'
2025-08-16 17:51:51,850 - BEE-EPT-UA913 - INFO - Autopilot state: {'connection': True, 'bee_state': 'OFF', 'roll': 1500, 'pitch': 1500, 'yaw': 1500, 'throttle': 885, 'aux1': 1850, 'aux2': 1500, 'aux3': 1500, 'aux4': 1500, 'battery': 0.0, 'rssi': 357, 'rssi_msg': 'Strong signal', 'speed': 0.0, 'altitude': 0.89, 'delivered': False}
2025-08-16 17:51:52,851 - BEE-EPT-UA913 - DEBUG - Executing command: TELEMETRY, Priority: 1, Body: {'target': 'MSP_RC'}
2025-08-16 17:51:53,957 - BEE-EPT-UA913 - DEBUG - Telemetry: b'\xdc\x05\xdc\x05\xdc\x05u\x03:\x07\xdc\x05\xdc\x05\xdc\x05\xdc\x05\xdc\x05\xdc\x05\xdc\x05\xdc\x05\xdc\x05\xdc\x05\xdc\x05'
2025-08-16 17:51:53,957 - BEE-EPT-UA913 - INFO - Autopilot state: {'connection': True, 'bee_state': 'OFF', 'roll': 1500, 'pitch': 1500, 'yaw': 1500, 'throttle': 885, 'aux1': 1850, 'aux2': 1500, 'aux3': 1500, 'aux4': 1500, 'battery': 0.0, 'rssi': 357, 'rssi_msg': 'Strong signal', 'speed': 0.0, 'altitude': 0.89, 'delivered': False}
2025-08-16 17:51:54,958 - BEE-EPT-UA913 - DEBUG - Executing command: TELEMETRY, Priority: 2, Body: {'target': 'MSP_ALTITUDE'}
2025-08-16 17:51:56,061 - BEE-EPT-UA913 - DEBUG - Telemetry: b'Y\x00\x00\x00\x00\x00'
2025-08-16 17:51:56,062 - BEE-EPT-UA913 - INFO - Autopilot state: {'connection': True, 'bee_state': 'OFF', 'roll': 1500, 'pitch': 1500, 'yaw': 1500, 'throttle': 885, 'aux1': 1850, 'aux2': 1500, 'aux3': 1500, 'aux4': 1500, 'battery': 0.0, 'rssi': 357, 'rssi_msg': 'Strong signal', 'speed': 0.0, 'altitude': 0.89, 'delivered': False}
2025-08-16 17:51:57,063 - BEE-EPT-UA913 - DEBUG - Executing command: TELEMETRY, Priority: 1, Body: {'target': 'MSP_RC'}
2025-08-16 17:51:58,169 - BEE-EPT-UA913 - DEBUG - Telemetry: b'\xdc\x05\xdc\x05\xdc\x05u\x03:\x07\xdc\x05\xdc\x05\xdc\x05\xdc\x05\xdc\x05\xdc\x05\xdc\x05\xdc\x05\xdc\x05\xdc\x05\xdc\x05'
2025-08-16 17:51:58,169 - BEE-EPT-UA913 - INFO - Autopilot state: {'connection': True, 'bee_state': 'OFF', 'roll': 1500, 'pitch': 1500, 'yaw': 1500, 'throttle': 885, 'aux1': 1850, 'aux2': 1500, 'aux3': 1500, 'aux4': 1500, 'battery': 0.0, 'rssi': 357, 'rssi_msg': 'Strong signal', 'speed': 0.0, 'altitude': 0.89, 'delivered': False}
2025-08-16 17:51:59,170 - BEE-EPT-UA913 - DEBUG - Executing command: TELEMETRY, Priority: 2, Body: {'target': 'MSP_ALTITUDE'}
2025-08-16 17:52:00,273 - BEE-EPT-UA913 - DEBUG - Telemetry: b'Y\x00\x00\x00\x00\x00'
2025-08-16 17:52:00,274 - BEE-EPT-UA913 - INFO - Autopilot state: {'connection': True, 'bee_state': 'OFF', 'roll': 1500, 'pitch': 1500, 'yaw': 1500, 'throttle': 885, 'aux1': 1850, 'aux2': 1500, 'aux3': 1500, 'aux4': 1500, 'battery': 0.0, 'rssi': 357, 'rssi_msg': 'Strong signal', 'speed': 0.0, 'altitude': 0.89, 'delivered': False}
2025-08-16 17:52:01,274 - BEE-EPT-UA913 - DEBUG - Executing command: TELEMETRY, Priority: 1, Body: {'target': 'MSP_RC'}
2025-08-16 17:52:02,381 - BEE-EPT-UA913 - DEBUG - Telemetry: b'\xdc\x05\xdc\x05\xdc\x05u\x03:\x07\xdc\x05\xdc\x05\xdc\x05\xdc\x05\xdc\x05\xdc\x05\xdc\x05\xdc\x05\xdc\x05\xdc\x05\xdc\x05'
2025-08-16 17:52:02,381 - BEE-EPT-UA913 - INFO - Autopilot state: {'connection': True, 'bee_state': 'OFF', 'roll': 1500, 'pitch': 1500, 'yaw': 1500, 'throttle': 885, 'aux1': 1850, 'aux2': 1500, 'aux3': 1500, 'aux4': 1500, 'battery': 0.0, 'rssi': 357, 'rssi_msg': 'Strong signal', 'speed': 0.0, 'altitude': 0.89, 'delivered': False}
2025-08-16 17:52:03,382 - BEE-EPT-UA913 - DEBUG - Executing command: TELEMETRY, Priority: 2, Body: {'target': 'MSP_ALTITUDE'}
2025-08-16 17:52:03,484 - BEE-EPT-UA913 - DEBUG - Telemetry: b'a\x00\x00\x00\x00\x00'
2025-08-16 17:52:03,485 - BEE-EPT-UA913 - INFO - Autopilot state: {'connection': True, 'bee_state': 'OFF', 'roll': 1500, 'pitch': 1500, 'yaw': 1500, 'throttle': 885, 'aux1': 1850, 'aux2': 1500, 'aux3': 1500, 'aux4': 1500, 'battery': 0.0, 'rssi': 357, 'rssi_msg': 'Strong signal', 'speed': 0.0, 'altitude': 0.97, 'delivered': False}
2025-08-16 17:52:04,486 - BEE-EPT-UA913 - DEBUG - Executing command: TELEMETRY, Priority: 1, Body: {'target': 'MSP_RC'}
2025-08-16 17:52:05,592 - BEE-EPT-UA913 - DEBUG - Telemetry: b'\xdc\x05\xdc\x05\xdc\x05u\x03:\x07\xdc\x05\xdc\x05\xdc\x05\xdc\x05\xdc\x05\xdc\x05\xdc\x05\xdc\x05\xdc\x05\xdc\x05\xdc\x05'
2025-08-16 17:52:05,592 - BEE-EPT-UA913 - INFO - Autopilot state: {'connection': True, 'bee_state': 'OFF', 'roll': 1500, 'pitch': 1500, 'yaw': 1500, 'throttle': 885, 'aux1': 1850, 'aux2': 1500, 'aux3': 1500, 'aux4': 1500, 'battery': 0.0, 'rssi': 357, 'rssi_msg': 'Strong signal', 'speed': 0.0, 'altitude': 0.97, 'delivered': False}
2025-08-16 17:52:06,593 - BEE-EPT-UA913 - DEBUG - Executing command: MONITOR, Priority: 2, Body: {'target': 'MSP_ANALOG'}
2025-08-16 17:52:07,697 - BEE-EPT-UA913 - DEBUG - Monitoring: b'\x00\x00\x00d\x01\x00\x00\x04\x00'
2025-08-16 17:52:07,697 - BEE-EPT-UA913 - INFO - RSSI: 356, signal: Strong signal, battery voltage: 0.0V
2025-08-16 17:52:08,698 - BEE-EPT-UA913 - DEBUG - Executing command: TELEMETRY, Priority: 1, Body: {'target': 'MSP_RC'}
2025-08-16 17:52:09,804 - BEE-EPT-UA913 - DEBUG - Telemetry: b'\xdc\x05\xdc\x05\xdc\x05u\x03:\x07\xdc\x05\xdc\x05\xdc\x05\xdc\x05\xdc\x05\xdc\x05\xdc\x05\xdc\x05\xdc\x05\xdc\x05\xdc\x05'
2025-08-16 17:52:09,805 - BEE-EPT-UA913 - INFO - Autopilot state: {'connection': True, 'bee_state': 'OFF', 'roll': 1500, 'pitch': 1500, 'yaw': 1500, 'throttle': 885, 'aux1': 1850, 'aux2': 1500, 'aux3': 1500, 'aux4': 1500, 'battery': 0.0, 'rssi': 356, 'rssi_msg': 'Strong signal', 'speed': 0.0, 'altitude': 0.97, 'delivered': False}
2025-08-16 17:52:10,805 - BEE-EPT-UA913 - DEBUG - Executing command: TELEMETRY, Priority: 2, Body: {'target': 'MSP_ALTITUDE'}
2025-08-16 17:52:11,909 - BEE-EPT-UA913 - DEBUG - Telemetry: b'Y\x00\x00\x00\x00\x00'
2025-08-16 17:52:11,909 - BEE-EPT-UA913 - INFO - Autopilot state: {'connection': True, 'bee_state': 'OFF', 'roll': 1500, 'pitch': 1500, 'yaw': 1500, 'throttle': 885, 'aux1': 1850, 'aux2': 1500, 'aux3': 1500, 'aux4': 1500, 'battery': 0.0, 'rssi': 356, 'rssi_msg': 'Strong signal', 'speed': 0.0, 'altitude': 0.89, 'delivered': False}
2025-08-16 17:52:12,910 - BEE-EPT-UA913 - DEBUG - Executing command: TELEMETRY, Priority: 1, Body: {'target': 'MSP_RC'}
2025-08-16 17:52:14,016 - BEE-EPT-UA913 - DEBUG - Telemetry: b'\xdc\x05\xdc\x05\xdc\x05u\x03:\x07\xdc\x05\xdc\x05\xdc\x05\xdc\x05\xdc\x05\xdc\x05\xdc\x05\xdc\x05\xdc\x05\xdc\x05\xdc\x05'
2025-08-16 17:52:14,017 - BEE-EPT-UA913 - INFO - Autopilot state: {'connection': True, 'bee_state': 'OFF', 'roll': 1500, 'pitch': 1500, 'yaw': 1500, 'throttle': 885, 'aux1': 1850, 'aux2': 1500, 'aux3': 1500, 'aux4': 1500, 'battery': 0.0, 'rssi': 356, 'rssi_msg': 'Strong signal', 'speed': 0.0, 'altitude': 0.89, 'delivered': False}
2025-08-16 17:52:15,017 - BEE-EPT-UA913 - DEBUG - Executing command: MONITOR, Priority: 2, Body: {'target': 'MSP_ANALOG'}
2025-08-16 17:52:16,121 - BEE-EPT-UA913 - DEBUG - Monitoring: b'\x00\x00\x00e\x01\x00\x00\x04\x00'
2025-08-16 17:52:16,122 - BEE-EPT-UA913 - INFO - RSSI: 357, signal: Strong signal, battery voltage: 0.0V
2025-08-16 17:52:17,122 - BEE-EPT-UA913 - DEBUG - Executing command: TELEMETRY, Priority: 1, Body: {'target': 'MSP_RC'}
2025-08-16 17:52:18,229 - BEE-EPT-UA913 - DEBUG - Telemetry: b'\xdc\x05\xdc\x05\xdc\x05u\x03:\x07\xdc\x05\xdc\x05\xdc\x05\xdc\x05\xdc\x05\xdc\x05\xdc\x05\xdc\x05\xdc\x05\xdc\x05\xdc\x05'
2025-08-16 17:52:18,229 - BEE-EPT-UA913 - INFO - Autopilot state: {'connection': True, 'bee_state': 'OFF', 'roll': 1500, 'pitch': 1500, 'yaw': 1500, 'throttle': 885, 'aux1': 1850, 'aux2': 1500, 'aux3': 1500, 'aux4': 1500, 'battery': 0.0, 'rssi': 357, 'rssi_msg': 'Strong signal', 'speed': 0.0, 'altitude': 0.89, 'delivered': False}
2025-08-16 17:52:19,230 - BEE-EPT-UA913 - DEBUG - Executing command: MONITOR, Priority: 2, Body: {'target': 'MSP_ANALOG'}
2025-08-16 17:52:20,334 - BEE-EPT-UA913 - DEBUG - Monitoring: b'\x00\x00\x00f\x01\x00\x00\x04\x00'
2025-08-16 17:52:20,334 - BEE-EPT-UA913 - INFO - RSSI: 358, signal: Strong signal, battery voltage: 0.0V
2025-08-16 17:52:21,335 - BEE-EPT-UA913 - DEBUG - Executing command: TELEMETRY, Priority: 1, Body: {'target': 'MSP_RC'}
2025-08-16 17:52:22,441 - BEE-EPT-UA913 - DEBUG - Telemetry: b'\xdc\x05\xdc\x05\xdc\x05u\x03:\x07\xdc\x05\xdc\x05\xdc\x05\xdc\x05\xdc\x05\xdc\x05\xdc\x05\xdc\x05\xdc\x05\xdc\x05\xdc\x05'
2025-08-16 17:52:22,441 - BEE-EPT-UA913 - INFO - Autopilot state: {'connection': True, 'bee_state': 'OFF', 'roll': 1500, 'pitch': 1500, 'yaw': 1500, 'throttle': 885, 'aux1': 1850, 'aux2': 1500, 'aux3': 1500, 'aux4': 1500, 'battery': 0.0, 'rssi': 358, 'rssi_msg': 'Strong signal', 'speed': 0.0, 'altitude': 0.89, 'delivered': False}
2025-08-16 17:52:23,442 - BEE-EPT-UA913 - DEBUG - Executing command: MONITOR, Priority: 2, Body: {'target': 'MSP_ANALOG'}
2025-08-16 17:52:24,546 - BEE-EPT-UA913 - DEBUG - Monitoring: b'\x00\x00\x00c\x01\x00\x00\x04\x00'
2025-08-16 17:52:24,546 - BEE-EPT-UA913 - INFO - RSSI: 355, signal: Strong signal, battery voltage: 0.0V
2025-08-16 17:52:25,547 - BEE-EPT-UA913 - DEBUG - Executing command: TELEMETRY, Priority: 1, Body: {'target': 'MSP_RC'}
                                                                                                                                                                                                                                                                                                                                                                                                                                                                                                                                                                                                                                                                                                                                                                                                                                                                                                                                                                                                                                                                                                                                                                                                                                                                                                                                                                                                                                                                                                                                                                                                                                                                                                                                                                                                                                                                                                                                                                                                                                                                                                                                                                                                                                      