2025-08-08 22:25:40,626 - BEE-EPT-UA913 - INFO - [AUTOPILOT STARTED]
2025-08-08 22:25:42,629 - BEE-EPT-UA913 - CRITICAL - [Errno 2] could not open port /dev/ttyACM0: [Errno 2] No such file or directory: '/dev/ttyACM0'
2025-08-08 22:25:44,630 - BEE-EPT-UA913 - CRITICAL - [Errno 2] could not open port /dev/ttyACM0: [Errno 2] No such file or directory: '/dev/ttyACM0'
2025-08-08 22:25:45,629 - BEE-EPT-UA913 - INFO - Telemetry: attempting to connect with '/dev/ttyACM0'
2025-08-08 22:25:46,630 - BEE-EPT-UA913 - CRITICAL - [Errno 2] could not open port /dev/ttyACM0: [Errno 2] No such file or directory: '/dev/ttyACM0'
2025-08-08 22:25:47,630 - BEE-EPT-UA913 - INFO - Empty pilot: attempting to connect with '/dev/ttyACM0'
2025-08-08 22:25:48,631 - BEE-EPT-UA913 - CRITICAL - [Errno 2] could not open port /dev/ttyACM0: [Errno 2] No such file or directory: '/dev/ttyACM0'
2025-08-08 22:25:50,630 - BEE-EPT-UA913 - INFO - Telemetry: attempting to connect with '/dev/ttyACM0'
2025-08-08 22:25:50,632 - BEE-EPT-UA913 - CRITICAL - [Errno 2] could not open port /dev/ttyACM0: [Errno 2] No such file or directory: '/dev/ttyACM0'
2025-08-08 22:25:52,633 - BEE-EPT-UA913 - CRITICAL - [Errno 2] could not open port /dev/ttyACM0: [Errno 2] No such file or directory: '/dev/ttyACM0'
2025-08-08 22:25:54,630 - BEE-EPT-UA913 - INFO - Empty pilot: attempting to connect with '/dev/ttyACM0'
2025-08-08 22:25:54,634 - BEE-EPT-UA913 - CRITICAL - [Errno 2] could not open port /dev/ttyACM0: [Errno 2] No such file or directory: '/dev/ttyACM0'
2025-08-08 22:25:55,630 - BEE-EPT-UA913 - INFO - Telemetry: attempting to connect with '/dev/ttyACM0'
2025-08-08 22:25:56,635 - BEE-EPT-UA913 - CRITICAL - [Errno 2] could not open port /dev/ttyACM0: [Errno 2] No such file or directory: '/dev/ttyACM0'
2025-08-08 22:25:58,636 - BEE-EPT-UA913 - CRITICAL - [Errno 2] could not open port /dev/ttyACM0: [Errno 2] No such file or directory: '/dev/ttyACM0'
2025-08-08 22:26:00,631 - BEE-EPT-UA913 - INFO - Telemetry: attempting to connect with '/dev/ttyACM0'
2025-08-08 22:26:00,636 - BEE-EPT-UA913 - CRITICAL - [Errno 2] could not open port /dev/ttyACM0: [Errno 2] No such file or directory: '/dev/ttyACM0'
2025-08-08 22:26:01,631 - BEE-EPT-UA913 - INFO - Empty pilot: attempting to connect with '/dev/ttyACM0'
2025-08-08 22:26:02,637 - BEE-EPT-UA913 - CRITICAL - [Errno 2] could not open port /dev/ttyACM0: [Errno 2] No such file or directory: '/dev/ttyACM0'
2025-08-08 22:26:04,638 - BEE-EPT-UA913 - CRITICAL - [Errno 2] could not open port /dev/ttyACM0: [Errno 2] No such file or directory: '/dev/ttyACM0'
2025-08-08 22:26:05,632 - BEE-EPT-UA913 - INFO - Telemetry: attempting to connect with '/dev/ttyACM0'
2025-08-08 22:26:06,639 - BEE-EPT-UA913 - CRITICAL - [Errno 2] could not open port /dev/ttyACM0: [Errno 2] No such file or directory: '/dev/ttyACM0'
2025-08-08 22:26:08,632 - BEE-EPT-UA913 - INFO - Empty pilot: attempting to connect with '/dev/ttyACM0'
2025-08-08 22:26:08,640 - BEE-EPT-UA913 - CRITICAL - [Errno 2] could not open port /dev/ttyACM0: [Errno 2] No such file or directory: '/dev/ttyACM0'
2025-08-08 22:26:10,632 - BEE-EPT-UA913 - INFO - Telemetry: attempting to connect with '/dev/ttyACM0'
2025-08-08 22:26:10,640 - BEE-EPT-UA913 - CRITICAL - [Errno 2] could not open port /dev/ttyACM0: [Errno 2] No such file or directory: '/dev/ttyACM0'
2025-08-08 22:26:12,641 - BEE-EPT-UA913 - CRITICAL - [Errno 2] could not open port /dev/ttyACM0: [Errno 2] No such file or directory: '/dev/ttyACM0'
2025-08-08 22:26:14,642 - BEE-EPT-UA913 - CRITICAL - [Errno 2] could not open port /dev/ttyACM0: [Errno 2] No such file or directory: '/dev/ttyACM0'
2025-08-08 22:26:15,632 - BEE-EPT-UA913 - INFO - Empty pilot: attempting to connect with '/dev/ttyACM0'
2025-08-08 22:26:15,633 - BEE-EPT-UA913 - INFO - Telemetry: attempting to connect with '/dev/ttyACM0'
2025-08-08 22:26:16,643 - BEE-EPT-UA913 - CRITICAL - [Errno 2] could not open port /dev/ttyACM0: [Errno 2] No such file or directory: '/dev/ttyACM0'
2025-08-08 22:26:18,644 - BEE-EPT-UA913 - CRITICAL - [Errno 2] could not open port /dev/ttyACM0: [Errno 2] No such file or directory: '/dev/ttyACM0'
2025-08-08 22:26:20,633 - BEE-EPT-UA913 - INFO - Telemetry: attempting to connect with '/dev/ttyACM0'
2025-08-08 22:26:20,645 - BEE-EPT-UA913 - CRITICAL - [Errno 2] could not open port /dev/ttyACM0: [Errno 2] No such file or directory: '/dev/ttyACM0'
2025-08-08 22:26:22,633 - BEE-EPT-UA913 - INFO - Empty pilot: attempting to connect with '/dev/ttyACM0'
2025-08-08 22:26:22,645 - BEE-EPT-UA913 - CRITICAL - [Errno 2] could not open port /dev/ttyACM0: [Errno 2] No such file or directory: '/dev/ttyACM0'
2025-08-08 22:26:24,646 - BEE-EPT-UA913 - CRITICAL - [Errno 2] could not open port /dev/ttyACM0: [Errno 2] No such file or directory: '/dev/ttyACM0'
2025-08-08 22:26:25,634 - BEE-EPT-UA913 - INFO - Telemetry: attempting to connect with '/dev/ttyACM0'
2025-08-08 22:26:26,647 - BEE-EPT-UA913 - CRITICAL - [Errno 2] could not open port /dev/ttyACM0: [Errno 2] No such file or directory: '/dev/ttyACM0'
2025-08-08 22:26:28,648 - BEE-EPT-UA913 - CRITICAL - [Errno 2] could not open port /dev/ttyACM0: [Errno 2] No such file or directory: '/dev/ttyACM0'
2025-08-08 22:26:29,634 - BEE-EPT-UA913 - INFO - Empty pilot: attempting to connect with '/dev/ttyACM0'
2025-08-08 22:26:30,635 - BEE-EPT-UA913 - INFO - Telemetry: attempting to connect with '/dev/ttyACM0'
2025-08-08 22:26:30,649 - BEE-EPT-UA913 - CRITICAL - [Errno 2] could not open port /dev/ttyACM0: [Errno 2] No such file or directory: '/dev/ttyACM0'
2025-08-08 22:26:32,649 - BEE-EPT-UA913 - CRITICAL - [Errno 2] could not open port /dev/ttyACM0: [Errno 2] No such file or directory: '/dev/ttyACM0'
2025-08-08 22:26:34,650 - BEE-EPT-UA913 - CRITICAL - [Errno 2] could not open port /dev/ttyACM0: [Errno 2] No such file or directory: '/dev/ttyACM0'
2025-08-08 22:26:35,635 - BEE-EPT-UA913 - INFO - Telemetry: attempting to connect with '/dev/ttyACM0'
2025-08-08 22:26:36,634 - BEE-EPT-UA913 - INFO - Empty pilot: attempting to connect with '/dev/ttyACM0'
2025-08-08 22:26:36,651 - BEE-EPT-UA913 - CRITICAL - [Errno 2] could not open port /dev/ttyACM0: [Errno 2] No such file or directory: '/dev/ttyACM0'
2025-08-08 22:26:38,652 - BEE-EPT-UA913 - CRITICAL - [Errno 2] could not open port /dev/ttyACM0: [Errno 2] No such file or directory: '/dev/ttyACM0'
2025-08-08 22:26:40,636 - BEE-EPT-UA913 - INFO - Telemetry: attempting to connect with '/dev/ttyACM0'
2025-08-08 22:26:40,653 - BEE-EPT-UA913 - CRITICAL - [Errno 2] could not open port /dev/ttyACM0: [Errno 2] No such file or directory: '/dev/ttyACM0'
2025-08-08 22:26:42,653 - BEE-EPT-UA913 - CRITICAL - [Errno 2] could not open port /dev/ttyACM0: [Errno 2] No such file or directory: '/dev/ttyACM0'
2025-08-08 22:26:43,635 - BEE-EPT-UA913 - INFO - Empty pilot: attempting to connect with '/dev/ttyACM0'
2025-08-08 22:26:44,654 - BEE-EPT-UA913 - CRITICAL - [Errno 2] could not open port /dev/ttyACM0: [Errno 2] No such file or directory: '/dev/ttyACM0'
2025-08-08 22:26:45,636 - BEE-EPT-UA913 - INFO - Telemetry: attempting to connect with '/dev/ttyACM0'
2025-08-08 22:26:46,655 - BEE-EPT-UA913 - CRITICAL - [Errno 2] could not open port /dev/ttyACM0: [Errno 2] No such file or directory: '/dev/ttyACM0'
2025-08-08 22:26:48,656 - BEE-EPT-UA913 - CRITICAL - [Errno 2] could not open port /dev/ttyACM0: [Errno 2] No such file or directory: '/dev/ttyACM0'
2025-08-08 22:26:50,636 - BEE-EPT-UA913 - INFO - Empty pilot: attempting to connect with '/dev/ttyACM0'
2025-08-08 22:26:50,637 - BEE-EPT-UA913 - INFO - Telemetry: attempting to connect with '/dev/ttyACM0'
2025-08-08 22:26:50,657 - BEE-EPT-UA913 - CRITICAL - [Errno 2] could not open port /dev/ttyACM0: [Errno 2] No such file or directory: '/dev/ttyACM0'
2025-08-08 22:26:52,658 - BEE-EPT-UA913 - CRITICAL - [Errno 2] could not open port /dev/ttyACM0: [Errno 2] No such file or directory: '/dev/ttyACM0'
2025-08-08 22:26:54,659 - BEE-EPT-UA913 - CRITICAL - [Errno 2] could not open port /dev/ttyACM0: [Errno 2] No such file or directory: '/dev/ttyACM0'
2025-08-08 22:26:55,638 - BEE-EPT-UA913 - INFO - Telemetry: attempting to connect with '/dev/ttyACM0'
2025-08-08 22:26:56,659 - BEE-EPT-UA913 - CRITICAL - [Errno 2] could not open port /dev/ttyACM0: [Errno 2] No such file or directory: '/dev/ttyACM0'
2025-08-08 22:26:57,636 - BEE-EPT-UA913 - INFO - Empty pilot: attempting to connect with '/dev/ttyACM0'
2025-08-08 22:26:58,660 - BEE-EPT-UA913 - CRITICAL - [Errno 2] could not open port /dev/ttyACM0: [Errno 2] No such file or directory: '/dev/ttyACM0'
2025-08-08 22:27:00,638 - BEE-EPT-UA913 - INFO - Telemetry: attempting to connect with '/dev/ttyACM0'
2025-08-08 22:27:00,661 - BEE-EPT-UA913 - CRITICAL - [Errno 2] could not open port /dev/ttyACM0: [Errno 2] No such file or directory: '/dev/ttyACM0'
2025-08-08 22:27:02,662 - BEE-EPT-UA913 - CRITICAL - [Errno 2] could not open port /dev/ttyACM0: [Errno 2] No such file or directory: '/dev/ttyACM0'
2025-08-08 22:27:04,637 - BEE-EPT-UA913 - INFO - Empty pilot: attempting to connect with '/dev/ttyACM0'
2025-08-08 22:27:04,663 - BEE-EPT-UA913 - CRITICAL - [Errno 2] could not open port /dev/ttyACM0: [Errno 2] No such file or directory: '/dev/ttyACM0'
2025-08-08 22:27:05,639 - BEE-EPT-UA913 - INFO - Telemetry: attempting to connect with '/dev/ttyACM0'
2025-08-08 22:27:06,664 - BEE-EPT-UA913 - CRITICAL - [Errno 2] could not open port /dev/ttyACM0: [Errno 2] No such file or directory: '/dev/ttyACM0'
2025-08-08 22:27:08,664 - BEE-EPT-UA913 - CRITICAL - [Errno 2] could not open port /dev/ttyACM0: [Errno 2] No such file or directory: '/dev/ttyACM0'
2025-08-08 22:27:10,640 - BEE-EPT-UA913 - INFO - Telemetry: attempting to connect with '/dev/ttyACM0'
2025-08-08 22:27:10,665 - BEE-EPT-UA913 - CRITICAL - [Errno 2] could not open port /dev/ttyACM0: [Errno 2] No such file or directory: '/dev/ttyACM0'
2025-08-08 22:27:10,792 - BEE-EPT-UA913 - INFO - [STOPPING THREADS]
2025-08-08 22:27:11,638 - BEE-EPT-UA913 - INFO - Empty pilot: attempting to connect with '/dev/ttyACM0'
2025-08-08 22:27:11,638 - BEE-EPT-UA913 - INFO - thread 'Empty pilot process', DONE.
2025-08-08 22:27:12,666 - BEE-EPT-UA913 - CRITICAL - [Errno 2] could not open port /dev/ttyACM0: [Errno 2] No such file or directory: '/dev/ttyACM0'
2025-08-08 22:27:12,667 - BEE-EPT-UA913 - INFO - thread 'Command executor', DONE.
2025-08-08 22:27:15,640 - BEE-EPT-UA913 - INFO - Telemetry: attempting to connect with '/dev/ttyACM0'
2025-08-08 22:27:15,641 - BEE-EPT-UA913 - INFO - thread 'Telemetry requestor', DONE.
2025-08-08 22:27:15,642 - BEE-EPT-UA913 - INFO - [AUTOPILOT FINISHED]
